============================================================
Time  2016/11/12 10:52:46 397 
============================================================
[2016/11/12 10:52:46 398] isr        1641 isr loaded!  
[2016/11/12 10:52:46 398] isr        1624 SYS_MSG_REGCB param0 =   msp_status_cb  param1 =   func(20067740) 
[2016/11/12 10:52:46 398] isr        1525 ASR_MSG_SSB  
[2016/11/12 10:52:46 398] isr        1070 session_begin() [in], params:   sub = asr, result_type = plain, result_encoding = utf8  2c4dac6f28a36dbd4f5b0013362c0a5d  
[2016/11/12 10:52:46 398] isr        938  vad_set [in]  
[2016/11/12 10:52:46 398] isr        973  vad_enable :  true  
[2016/11/12 10:52:46 398] isr        991  vad_bos :  10000  
[2016/11/12 10:52:46 399] isr        992  vad_eos :  2000  
[2016/11/12 10:52:46 399] isr        897  enable_vad [in]  
[2016/11/12 10:52:46 399] isr        929  vad enabled!  2000  10000  
[2016/11/12 10:52:46 399] isr        932  enable_vad [out]  
[2016/11/12 10:52:46 399] isr        998  vad_set [out] | ret =  0  
[2016/11/12 10:52:46 400] isr        1179 cur_engine_type =   cloud  
[2016/11/12 10:52:46 400] isr        1012 cloud_session_begin  
[2016/11/12 10:52:46 400] isr        1024 standard  
[2016/11/12 10:52:46 410] isr        1535 ASR_MSG_AUW,   cloud  
[2016/11/12 10:52:46 410] isr        1546 6400  1  
[2016/11/12 10:52:46 410] isr        1550 once_bytes:   6400  
[2016/11/12 10:52:46 414] isr        845  [aud] speech start  
[2016/11/12 10:52:46 611] isr        1535 ASR_MSG_AUW,   cloud  
[2016/11/12 10:52:46 611] isr        1546 6400  2  
[2016/11/12 10:52:46 812] isr        1535 ASR_MSG_AUW,   cloud  
[2016/11/12 10:52:46 812] isr        1546 6400  2  
[2016/11/12 10:52:47 013] isr        1535 ASR_MSG_AUW,   cloud  
[2016/11/12 10:52:47 014] isr        1546 6400  2  
[2016/11/12 10:52:47 214] isr        1535 ASR_MSG_AUW,   cloud  
[2016/11/12 10:52:47 214] isr        1546 6400  2  
[2016/11/12 10:52:47 415] isr        1535 ASR_MSG_AUW,   cloud  
[2016/11/12 10:52:47 415] isr        1546 6400  2  
[2016/11/12 10:52:47 616] isr        1535 ASR_MSG_AUW,   cloud  
[2016/11/12 10:52:47 616] isr        1546 6400  2  
[2016/11/12 10:52:47 667] isr        728  cloud_status_cb, eps:  1  
[2016/11/12 10:52:47 816] isr        1535 ASR_MSG_AUW,   cloud  
[2016/11/12 10:52:47 816] isr        1546 6400  2  
[2016/11/12 10:52:48 017] isr        1535 ASR_MSG_AUW,   cloud  
[2016/11/12 10:52:48 017] isr        1546 6400  2  
[2016/11/12 10:52:48 218] isr        1535 ASR_MSG_AUW,   cloud  
[2016/11/12 10:52:48 219] isr        1546 6400  2  
[2016/11/12 10:52:48 419] isr        1535 ASR_MSG_AUW,   cloud  
[2016/11/12 10:52:48 419] isr        1546 6400  2  
[2016/11/12 10:52:48 620] isr        1535 ASR_MSG_AUW,   cloud  
[2016/11/12 10:52:48 620] isr        1546 6400  2  
[2016/11/12 10:52:48 821] isr        1535 ASR_MSG_AUW,   cloud  
[2016/11/12 10:52:48 822] isr        1546 6400  2  
[2016/11/12 10:52:49 022] isr        1535 ASR_MSG_AUW,   cloud  
[2016/11/12 10:52:49 022] isr        1546 6400  2  
[2016/11/12 10:52:49 223] isr        1535 ASR_MSG_AUW,   cloud  
[2016/11/12 10:52:49 223] isr        1546 6400  2  
[2016/11/12 10:52:49 424] isr        1535 ASR_MSG_AUW,   cloud  
[2016/11/12 10:52:49 424] isr        1546 6400  2  
[2016/11/12 10:52:49 624] isr        1535 ASR_MSG_AUW,   cloud  
[2016/11/12 10:52:49 624] isr        1546 6400  2  
[2016/11/12 10:52:49 825] isr        1535 ASR_MSG_AUW,   cloud  
[2016/11/12 10:52:49 825] isr        1546 6400  2  
[2016/11/12 10:52:50 026] isr        1535 ASR_MSG_AUW,   cloud  
[2016/11/12 10:52:50 026] isr        1546 6400  2  
[2016/11/12 10:52:50 227] isr        1535 ASR_MSG_AUW,   cloud  
[2016/11/12 10:52:50 227] isr        1546 6400  2  
[2016/11/12 10:52:50 428] isr        1535 ASR_MSG_AUW,   cloud  
[2016/11/12 10:52:50 428] isr        1546 11442  2  
[2016/11/12 10:52:50 629] isr        1535 ASR_MSG_AUW,   cloud  
[2016/11/12 10:52:50 629] isr        1546 0  4  
[2016/11/12 10:52:50 629] isr        1579 aud end, USER  
[2016/11/12 10:52:50 629] isr        1618 ASR_MSG_GRSLT,   cloud  
[2016/11/12 10:52:50 629] isr        1325 0  nil  2  
[2016/11/12 10:52:50 630] isr        855  [aud] speech end  
[2016/11/12 10:52:50 674] isr        728  cloud_status_cb, eps:  1  
[2016/11/12 10:52:50 781] isr        1618 ASR_MSG_GRSLT,   cloud  
[2016/11/12 10:52:50 781] isr        1325 0  nil  2  
[2016/11/12 10:52:50 932] isr        1618 ASR_MSG_GRSLT,   cloud  
[2016/11/12 10:52:50 932] isr        1325 0  nil  2  
[2016/11/12 10:52:51 083] isr        1618 ASR_MSG_GRSLT,   cloud  
[2016/11/12 10:52:51 083] isr        1325 0  nil  2  
[2016/11/12 10:52:51 234] isr        1618 ASR_MSG_GRSLT,   cloud  
[2016/11/12 10:52:51 234] isr        1325 0  nil  2  
[2016/11/12 10:52:51 297] isr        721  cloud_status_cb, rcs:  0  
[2016/11/12 10:52:51 300] isr        682  cloud_rslt_cb status =   5  
[2016/11/12 10:52:51 300] isr        661  process_result call:  cloud  udata(2005af08) 5  nil  
[2016/11/12 10:52:51 300] isr        721  cloud_status_cb, rcs:  0  
[2016/11/12 10:52:51 386] isr        1618 ASR_MSG_GRSLT,   cloud  
[2016/11/12 10:52:51 386] isr        1325 0  udata(2005af08) 5  
[2016/11/12 10:52:51 540] isr        1621 ASR_MSG_SSE,   cloud  
[2016/11/12 10:52:51 540] isr        1346 session_end() [in]  
[2016/11/12 10:52:51 541] isr        1409 cloud_session_end() [in]  
[2016/11/12 10:52:51 542] isr        1476 ns_host=  open.xf-yun.com  
[2016/11/12 10:52:51 542] isr        1486 tick()mod=  3148794  
[2016/11/12 10:52:51 542] isr        1487 tick()=  3148794  
[2016/11/12 10:52:51 542] isr        1489 diff=  4989  
[2016/11/12 10:52:51 542] isr        1502 cloud_session_end() [out]  
[2016/11/12 10:52:51 544] isr        1649 isr unload!  
============================================================
Time  2016/11/12 10:55:33 960 
============================================================
[2016/11/12 10:55:33 960] isr        1641 isr loaded!  
[2016/11/12 10:55:33 961] isr        1624 SYS_MSG_REGCB param0 =   msp_status_cb  param1 =   func(c021380) 
[2016/11/12 10:55:33 961] isr        1525 ASR_MSG_SSB  
[2016/11/12 10:55:33 961] isr        1070 session_begin() [in], params:   sub = asr, result_type = plain, result_encoding = utf8  994043e5a85a1cb32f0e5998357c0452  
[2016/11/12 10:55:33 961] isr        938  vad_set [in]  
[2016/11/12 10:55:33 961] isr        973  vad_enable :  true  
[2016/11/12 10:55:33 961] isr        991  vad_bos :  10000  
[2016/11/12 10:55:33 961] isr        992  vad_eos :  2000  
[2016/11/12 10:55:33 961] isr        897  enable_vad [in]  
[2016/11/12 10:55:33 963] isr        929  vad enabled!  2000  10000  
[2016/11/12 10:55:33 963] isr        932  enable_vad [out]  
[2016/11/12 10:55:33 963] isr        998  vad_set [out] | ret =  0  
[2016/11/12 10:55:33 963] isr        1179 cur_engine_type =   cloud  
[2016/11/12 10:55:33 964] isr        1012 cloud_session_begin  
[2016/11/12 10:55:33 964] isr        1024 standard  
[2016/11/12 10:55:33 976] isr        1535 ASR_MSG_AUW,   cloud  
[2016/11/12 10:55:33 976] isr        1546 6400  1  
[2016/11/12 10:55:33 977] isr        1550 once_bytes:   6400  
[2016/11/12 10:55:33 993] isr        845  [aud] speech start  
[2016/11/12 10:55:34 177] isr        1535 ASR_MSG_AUW,   cloud  
[2016/11/12 10:55:34 177] isr        1546 6400  2  
[2016/11/12 10:55:34 378] isr        1535 ASR_MSG_AUW,   cloud  
[2016/11/12 10:55:34 378] isr        1546 6400  2  
[2016/11/12 10:55:34 579] isr        1535 ASR_MSG_AUW,   cloud  
[2016/11/12 10:55:34 579] isr        1546 6400  2  
[2016/11/12 10:55:34 627] isr        728  cloud_status_cb, eps:  1  
[2016/11/12 10:55:34 780] isr        1535 ASR_MSG_AUW,   cloud  
[2016/11/12 10:55:34 780] isr        1546 6400  2  
[2016/11/12 10:55:34 981] isr        1535 ASR_MSG_AUW,   cloud  
[2016/11/12 10:55:34 981] isr        1546 6400  2  
[2016/11/12 10:55:35 182] isr        1535 ASR_MSG_AUW,   cloud  
[2016/11/12 10:55:35 182] isr        1546 6400  2  
[2016/11/12 10:55:35 383] isr        1535 ASR_MSG_AUW,   cloud  
[2016/11/12 10:55:35 383] isr        1546 6400  2  
[2016/11/12 10:55:35 583] isr        1535 ASR_MSG_AUW,   cloud  
[2016/11/12 10:55:35 584] isr        1546 6400  2  
[2016/11/12 10:55:35 784] isr        1535 ASR_MSG_AUW,   cloud  
[2016/11/12 10:55:35 784] isr        1546 6400  2  
[2016/11/12 10:55:35 985] isr        1535 ASR_MSG_AUW,   cloud  
[2016/11/12 10:55:35 985] isr        1546 6400  2  
[2016/11/12 10:55:36 186] isr        1535 ASR_MSG_AUW,   cloud  
[2016/11/12 10:55:36 186] isr        1546 6400  2  
[2016/11/12 10:55:36 387] isr        1535 ASR_MSG_AUW,   cloud  
[2016/11/12 10:55:36 387] isr        1546 6400  2  
[2016/11/12 10:55:36 588] isr        1535 ASR_MSG_AUW,   cloud  
[2016/11/12 10:55:36 588] isr        1546 6400  2  
[2016/11/12 10:55:36 789] isr        1535 ASR_MSG_AUW,   cloud  
[2016/11/12 10:55:36 789] isr        1546 6400  2  
[2016/11/12 10:55:36 990] isr        1535 ASR_MSG_AUW,   cloud  
[2016/11/12 10:55:36 990] isr        1546 6400  2  
[2016/11/12 10:55:37 191] isr        1535 ASR_MSG_AUW,   cloud  
[2016/11/12 10:55:37 191] isr        1546 6400  2  
[2016/11/12 10:55:37 392] isr        1535 ASR_MSG_AUW,   cloud  
[2016/11/12 10:55:37 392] isr        1546 6400  2  
[2016/11/12 10:55:37 592] isr        1535 ASR_MSG_AUW,   cloud  
[2016/11/12 10:55:37 592] isr        1546 6400  2  
[2016/11/12 10:55:37 793] isr        1535 ASR_MSG_AUW,   cloud  
[2016/11/12 10:55:37 793] isr        1546 6400  2  
[2016/11/12 10:55:37 993] isr        1535 ASR_MSG_AUW,   cloud  
[2016/11/12 10:55:37 993] isr        1546 6400  2  
[2016/11/12 10:55:38 195] isr        1535 ASR_MSG_AUW,   cloud  
[2016/11/12 10:55:38 195] isr        1546 6400  2  
[2016/11/12 10:55:38 396] isr        1535 ASR_MSG_AUW,   cloud  
[2016/11/12 10:55:38 396] isr        1546 6400  2  
[2016/11/12 10:55:38 597] isr        1535 ASR_MSG_AUW,   cloud  
[2016/11/12 10:55:38 597] isr        1546 6400  2  
[2016/11/12 10:55:38 798] isr        1535 ASR_MSG_AUW,   cloud  
[2016/11/12 10:55:38 798] isr        1546 6400  2  
[2016/11/12 10:55:38 999] isr        1535 ASR_MSG_AUW,   cloud  
[2016/11/12 10:55:38 999] isr        1546 6400  2  
[2016/11/12 10:55:39 200] isr        1535 ASR_MSG_AUW,   cloud  
[2016/11/12 10:55:39 200] isr        1546 6400  2  
[2016/11/12 10:55:39 400] isr        1535 ASR_MSG_AUW,   cloud  
[2016/11/12 10:55:39 400] isr        1546 6400  2  
[2016/11/12 10:55:39 601] isr        1535 ASR_MSG_AUW,   cloud  
[2016/11/12 10:55:39 601] isr        1546 6400  2  
[2016/11/12 10:55:39 803] isr        1535 ASR_MSG_AUW,   cloud  
[2016/11/12 10:55:39 803] isr        1546 6400  2  
[2016/11/12 10:55:40 003] isr        1535 ASR_MSG_AUW,   cloud  
[2016/11/12 10:55:40 003] isr        1546 6400  2  
[2016/11/12 10:55:40 204] isr        1535 ASR_MSG_AUW,   cloud  
[2016/11/12 10:55:40 204] isr        1546 6400  2  
[2016/11/12 10:55:40 405] isr        1535 ASR_MSG_AUW,   cloud  
[2016/11/12 10:55:40 405] isr        1546 6400  2  
[2016/11/12 10:55:40 606] isr        1535 ASR_MSG_AUW,   cloud  
[2016/11/12 10:55:40 606] isr        1546 6400  2  
[2016/11/12 10:55:40 807] isr        1535 ASR_MSG_AUW,   cloud  
[2016/11/12 10:55:40 807] isr        1546 6400  2  
[2016/11/12 10:55:41 007] isr        1535 ASR_MSG_AUW,   cloud  
[2016/11/12 10:55:41 007] isr        1546 6400  2  
[2016/11/12 10:55:41 208] isr        1535 ASR_MSG_AUW,   cloud  
[2016/11/12 10:55:41 208] isr        1546 6400  2  
[2016/11/12 10:55:41 410] isr        1535 ASR_MSG_AUW,   cloud  
[2016/11/12 10:55:41 410] isr        1546 6400  2  
[2016/11/12 10:55:41 610] isr        1535 ASR_MSG_AUW,   cloud  
[2016/11/12 10:55:41 610] isr        1546 6400  2  
[2016/11/12 10:55:41 811] isr        1535 ASR_MSG_AUW,   cloud  
[2016/11/12 10:55:41 811] isr        1546 6400  2  
[2016/11/12 10:55:42 012] isr        1535 ASR_MSG_AUW,   cloud  
[2016/11/12 10:55:42 012] isr        1546 6400  2  
[2016/11/12 10:55:42 213] isr        1535 ASR_MSG_AUW,   cloud  
[2016/11/12 10:55:42 213] isr        1546 6400  2  
[2016/11/12 10:55:42 414] isr        1535 ASR_MSG_AUW,   cloud  
[2016/11/12 10:55:42 414] isr        1546 6400  2  
[2016/11/12 10:55:42 615] isr        1535 ASR_MSG_AUW,   cloud  
[2016/11/12 10:55:42 615] isr        1546 6400  2  
[2016/11/12 10:55:42 816] isr        1535 ASR_MSG_AUW,   cloud  
[2016/11/12 10:55:42 816] isr        1546 6400  2  
[2016/11/12 10:55:43 017] isr        1535 ASR_MSG_AUW,   cloud  
[2016/11/12 10:55:43 017] isr        1546 6400  2  
[2016/11/12 10:55:43 218] isr        1535 ASR_MSG_AUW,   cloud  
[2016/11/12 10:55:43 218] isr        1546 6400  2  
[2016/11/12 10:55:43 418] isr        1535 ASR_MSG_AUW,   cloud  
[2016/11/12 10:55:43 419] isr        1546 6400  2  
[2016/11/12 10:55:43 619] isr        1535 ASR_MSG_AUW,   cloud  
[2016/11/12 10:55:43 619] isr        1546 6400  2  
[2016/11/12 10:55:43 820] isr        1535 ASR_MSG_AUW,   cloud  
[2016/11/12 10:55:43 820] isr        1546 6400  2  
[2016/11/12 10:55:44 022] isr        1535 ASR_MSG_AUW,   cloud  
[2016/11/12 10:55:44 022] isr        1546 6400  2  
[2016/11/12 10:55:44 222] isr        1535 ASR_MSG_AUW,   cloud  
[2016/11/12 10:55:44 222] isr        1546 6400  2  
[2016/11/12 10:55:44 423] isr        1535 ASR_MSG_AUW,   cloud  
[2016/11/12 10:55:44 423] isr        1546 6400  2  
[2016/11/12 10:55:44 625] isr        1535 ASR_MSG_AUW,   cloud  
[2016/11/12 10:55:44 625] isr        1546 6400  2  
[2016/11/12 10:55:44 671] isr        728  cloud_status_cb, eps:  3  
[2016/11/12 10:55:44 826] isr        1535 ASR_MSG_AUW,   cloud  
[2016/11/12 10:55:44 827] isr        1546 6400  2  
[2016/11/12 10:55:44 827] isr        1535 ASR_MSG_AUW,   cloud  
[2016/11/12 10:55:44 827] isr        1546 0  4  
[2016/11/12 10:55:44 827] isr        1579 aud end, USER  
[2016/11/12 10:55:44 827] isr        1618 ASR_MSG_GRSLT,   cloud  
[2016/11/12 10:55:44 827] isr        1325 0  nil  2  
[2016/11/12 10:55:44 831] isr        855  [aud] speech end  
[2016/11/12 10:55:44 899] isr        721  cloud_status_cb, rcs:  0  
[2016/11/12 10:55:44 902] isr        682  cloud_rslt_cb status =   5  
[2016/11/12 10:55:44 902] isr        661  process_result call:  cloud  udata(c153928) 5  nil  
[2016/11/12 10:55:44 903] isr        721  cloud_status_cb, rcs:  0  
[2016/11/12 10:55:44 981] isr        1618 ASR_MSG_GRSLT,   cloud  
[2016/11/12 10:55:44 982] isr        1325 0  udata(c153928) 5  
[2016/11/12 10:55:45 134] isr        1621 ASR_MSG_SSE,   cloud  
[2016/11/12 10:55:45 134] isr        1346 session_end() [in]  
[2016/11/12 10:55:45 134] isr        1409 cloud_session_end() [in]  
[2016/11/12 10:55:45 136] isr        1476 ns_host=  open.xf-yun.com  
[2016/11/12 10:55:45 136] isr        1486 tick()mod=  3322388  
[2016/11/12 10:55:45 136] isr        1487 tick()=  3322388  
[2016/11/12 10:55:45 136] isr        1489 diff=  10773  
[2016/11/12 10:55:45 136] isr        1502 cloud_session_end() [out]  
[2016/11/12 10:55:45 136] isr        1649 isr unload!  
============================================================
Time  2016/11/12 10:55:57 359 
============================================================
[2016/11/12 10:55:57 359] isr        1641 isr loaded!  
[2016/11/12 10:55:57 360] isr        1624 SYS_MSG_REGCB param0 =   msp_status_cb  param1 =   func(fc025040) 
[2016/11/12 10:55:57 360] isr        1525 ASR_MSG_SSB  
[2016/11/12 10:55:57 360] isr        1070 session_begin() [in], params:   sub = asr, result_type = plain, result_encoding = utf8  a52eafdf078cc8c4888ccba19b09fbcc  
[2016/11/12 10:55:57 360] isr        938  vad_set [in]  
[2016/11/12 10:55:57 360] isr        973  vad_enable :  true  
[2016/11/12 10:55:57 361] isr        991  vad_bos :  10000  
[2016/11/12 10:55:57 361] isr        992  vad_eos :  2000  
[2016/11/12 10:55:57 361] isr        897  enable_vad [in]  
[2016/11/12 10:55:57 362] isr        929  vad enabled!  2000  10000  
[2016/11/12 10:55:57 362] isr        932  enable_vad [out]  
[2016/11/12 10:55:57 362] isr        998  vad_set [out] | ret =  0  
[2016/11/12 10:55:57 362] isr        1179 cur_engine_type =   cloud  
[2016/11/12 10:55:57 362] isr        1012 cloud_session_begin  
[2016/11/12 10:55:57 362] isr        1024 standard  
[2016/11/12 10:55:57 374] isr        1535 ASR_MSG_AUW,   cloud  
[2016/11/12 10:55:57 374] isr        1546 6400  1  
[2016/11/12 10:55:57 374] isr        1550 once_bytes:   6400  
[2016/11/12 10:55:57 378] isr        845  [aud] speech start  
[2016/11/12 10:55:57 575] isr        1535 ASR_MSG_AUW,   cloud  
[2016/11/12 10:55:57 575] isr        1546 6400  2  
[2016/11/12 10:55:57 775] isr        1535 ASR_MSG_AUW,   cloud  
[2016/11/12 10:55:57 776] isr        1546 6400  2  
[2016/11/12 10:55:57 976] isr        1535 ASR_MSG_AUW,   cloud  
[2016/11/12 10:55:57 976] isr        1546 6400  2  
[2016/11/12 10:55:58 179] isr        1535 ASR_MSG_AUW,   cloud  
[2016/11/12 10:55:58 179] isr        1546 6400  2  
[2016/11/12 10:55:58 380] isr        1535 ASR_MSG_AUW,   cloud  
[2016/11/12 10:55:58 380] isr        1546 6400  2  
[2016/11/12 10:55:58 469] isr        728  cloud_status_cb, eps:  1  
[2016/11/12 10:55:58 581] isr        1535 ASR_MSG_AUW,   cloud  
[2016/11/12 10:55:58 581] isr        1546 6400  2  
[2016/11/12 10:55:58 782] isr        1535 ASR_MSG_AUW,   cloud  
[2016/11/12 10:55:58 782] isr        1546 6400  2  
[2016/11/12 10:55:58 982] isr        1535 ASR_MSG_AUW,   cloud  
[2016/11/12 10:55:58 983] isr        1546 6400  2  
[2016/11/12 10:55:59 183] isr        1535 ASR_MSG_AUW,   cloud  
[2016/11/12 10:55:59 183] isr        1546 6400  2  
[2016/11/12 10:55:59 385] isr        1535 ASR_MSG_AUW,   cloud  
[2016/11/12 10:55:59 385] isr        1546 6400  2  
[2016/11/12 10:55:59 586] isr        1535 ASR_MSG_AUW,   cloud  
[2016/11/12 10:55:59 586] isr        1546 6400  2  
[2016/11/12 10:55:59 787] isr        1535 ASR_MSG_AUW,   cloud  
[2016/11/12 10:55:59 787] isr        1546 6400  2  
[2016/11/12 10:55:59 988] isr        1535 ASR_MSG_AUW,   cloud  
[2016/11/12 10:55:59 988] isr        1546 6400  2  
[2016/11/12 10:56:00 189] isr        1535 ASR_MSG_AUW,   cloud  
[2016/11/12 10:56:00 189] isr        1546 6400  2  
[2016/11/12 10:56:00 390] isr        1535 ASR_MSG_AUW,   cloud  
[2016/11/12 10:56:00 390] isr        1546 6400  2  
[2016/11/12 10:56:00 590] isr        1535 ASR_MSG_AUW,   cloud  
[2016/11/12 10:56:00 591] isr        1546 6400  2  
[2016/11/12 10:56:00 792] isr        1535 ASR_MSG_AUW,   cloud  
[2016/11/12 10:56:00 792] isr        1546 6400  2  
[2016/11/12 10:56:00 993] isr        1535 ASR_MSG_AUW,   cloud  
[2016/11/12 10:56:00 993] isr        1546 6400  2  
[2016/11/12 10:56:01 194] isr        1535 ASR_MSG_AUW,   cloud  
[2016/11/12 10:56:01 194] isr        1546 6400  2  
[2016/11/12 10:56:01 395] isr        1535 ASR_MSG_AUW,   cloud  
[2016/11/12 10:56:01 395] isr        1546 6400  2  
[2016/11/12 10:56:01 596] isr        1535 ASR_MSG_AUW,   cloud  
[2016/11/12 10:56:01 597] isr        1546 6400  2  
[2016/11/12 10:56:01 797] isr        1535 ASR_MSG_AUW,   cloud  
[2016/11/12 10:56:01 797] isr        1546 6400  2  
[2016/11/12 10:56:01 998] isr        1535 ASR_MSG_AUW,   cloud  
[2016/11/12 10:56:01 998] isr        1546 6400  2  
[2016/11/12 10:56:02 198] isr        1535 ASR_MSG_AUW,   cloud  
[2016/11/12 10:56:02 198] isr        1546 6400  2  
[2016/11/12 10:56:02 399] isr        1535 ASR_MSG_AUW,   cloud  
[2016/11/12 10:56:02 399] isr        1546 6400  2  
[2016/11/12 10:56:02 600] isr        1535 ASR_MSG_AUW,   cloud  
[2016/11/12 10:56:02 601] isr        1546 6400  2  
[2016/11/12 10:56:02 801] isr        1535 ASR_MSG_AUW,   cloud  
[2016/11/12 10:56:02 801] isr        1546 6400  2  
[2016/11/12 10:56:03 003] isr        1535 ASR_MSG_AUW,   cloud  
[2016/11/12 10:56:03 003] isr        1546 6400  2  
[2016/11/12 10:56:03 205] isr        1535 ASR_MSG_AUW,   cloud  
[2016/11/12 10:56:03 205] isr        1546 6400  2  
[2016/11/12 10:56:03 406] isr        1535 ASR_MSG_AUW,   cloud  
[2016/11/12 10:56:03 406] isr        1546 6400  2  
[2016/11/12 10:56:03 607] isr        1535 ASR_MSG_AUW,   cloud  
[2016/11/12 10:56:03 607] isr        1546 6400  2  
[2016/11/12 10:56:03 808] isr        1535 ASR_MSG_AUW,   cloud  
[2016/11/12 10:56:03 808] isr        1546 6400  2  
[2016/11/12 10:56:04 008] isr        1535 ASR_MSG_AUW,   cloud  
[2016/11/12 10:56:04 008] isr        1546 6400  2  
[2016/11/12 10:56:04 209] isr        1535 ASR_MSG_AUW,   cloud  
[2016/11/12 10:56:04 209] isr        1546 6400  2  
[2016/11/12 10:56:04 410] isr        1535 ASR_MSG_AUW,   cloud  
[2016/11/12 10:56:04 410] isr        1546 6400  2  
[2016/11/12 10:56:04 611] isr        1535 ASR_MSG_AUW,   cloud  
[2016/11/12 10:56:04 611] isr        1546 6400  2  
[2016/11/12 10:56:04 812] isr        1535 ASR_MSG_AUW,   cloud  
[2016/11/12 10:56:04 812] isr        1546 6400  2  
[2016/11/12 10:56:05 012] isr        1535 ASR_MSG_AUW,   cloud  
[2016/11/12 10:56:05 012] isr        1546 6400  2  
[2016/11/12 10:56:05 213] isr        1535 ASR_MSG_AUW,   cloud  
[2016/11/12 10:56:05 213] isr        1546 6400  2  
[2016/11/12 10:56:05 414] isr        1535 ASR_MSG_AUW,   cloud  
[2016/11/12 10:56:05 414] isr        1546 6400  2  
[2016/11/12 10:56:05 615] isr        1535 ASR_MSG_AUW,   cloud  
[2016/11/12 10:56:05 615] isr        1546 6400  2  
[2016/11/12 10:56:05 816] isr        1535 ASR_MSG_AUW,   cloud  
[2016/11/12 10:56:05 816] isr        1546 6400  2  
[2016/11/12 10:56:06 017] isr        1535 ASR_MSG_AUW,   cloud  
[2016/11/12 10:56:06 017] isr        1546 6400  2  
[2016/11/12 10:56:06 218] isr        1535 ASR_MSG_AUW,   cloud  
[2016/11/12 10:56:06 218] isr        1546 6400  2  
[2016/11/12 10:56:06 419] isr        1535 ASR_MSG_AUW,   cloud  
[2016/11/12 10:56:06 419] isr        1546 6400  2  
[2016/11/12 10:56:06 620] isr        1535 ASR_MSG_AUW,   cloud  
[2016/11/12 10:56:06 620] isr        1546 6400  2  
[2016/11/12 10:56:06 821] isr        1535 ASR_MSG_AUW,   cloud  
[2016/11/12 10:56:06 821] isr        1546 6400  2  
[2016/11/12 10:56:07 022] isr        1535 ASR_MSG_AUW,   cloud  
[2016/11/12 10:56:07 022] isr        1546 6400  2  
[2016/11/12 10:56:07 223] isr        1535 ASR_MSG_AUW,   cloud  
[2016/11/12 10:56:07 223] isr        1546 6400  2  
[2016/11/12 10:56:07 424] isr        1535 ASR_MSG_AUW,   cloud  
[2016/11/12 10:56:07 424] isr        1546 6400  2  
[2016/11/12 10:56:07 624] isr        1535 ASR_MSG_AUW,   cloud  
[2016/11/12 10:56:07 624] isr        1546 6400  2  
[2016/11/12 10:56:07 826] isr        1535 ASR_MSG_AUW,   cloud  
[2016/11/12 10:56:07 826] isr        1546 6400  2  
[2016/11/12 10:56:08 026] isr        1535 ASR_MSG_AUW,   cloud  
[2016/11/12 10:56:08 027] isr        1546 6400  2  
[2016/11/12 10:56:08 066] isr        728  cloud_status_cb, eps:  3  
[2016/11/12 10:56:08 229] isr        1535 ASR_MSG_AUW,   cloud  
[2016/11/12 10:56:08 229] isr        1546 6400  2  
[2016/11/12 10:56:08 230] isr        1535 ASR_MSG_AUW,   cloud  
[2016/11/12 10:56:08 230] isr        1546 0  4  
[2016/11/12 10:56:08 230] isr        1579 aud end, USER  
[2016/11/12 10:56:08 230] isr        1618 ASR_MSG_GRSLT,   cloud  
[2016/11/12 10:56:08 230] isr        1325 0  nil  2  
[2016/11/12 10:56:08 234] isr        855  [aud] speech end  
[2016/11/12 10:56:08 317] isr        721  cloud_status_cb, rcs:  0  
[2016/11/12 10:56:08 321] isr        682  cloud_rslt_cb status =   5  
[2016/11/12 10:56:08 321] isr        661  process_result call:  cloud  udata(fc131108) 5  nil  
[2016/11/12 10:56:08 322] isr        721  cloud_status_cb, rcs:  0  
[2016/11/12 10:56:08 383] isr        1618 ASR_MSG_GRSLT,   cloud  
[2016/11/12 10:56:08 383] isr        1325 0  udata(fc131108) 5  
[2016/11/12 10:56:08 535] isr        1621 ASR_MSG_SSE,   cloud  
[2016/11/12 10:56:08 535] isr        1346 session_end() [in]  
[2016/11/12 10:56:08 535] isr        1409 cloud_session_end() [in]  
[2016/11/12 10:56:08 537] isr        1476 ns_host=  open.xf-yun.com  
[2016/11/12 10:56:08 537] isr        1486 tick()mod=  3345789  
[2016/11/12 10:56:08 537] isr        1487 tick()=  3345789  
[2016/11/12 10:56:08 537] isr        1489 diff=  10178  
[2016/11/12 10:56:08 538] isr        1502 cloud_session_end() [out]  
[2016/11/12 10:56:08 544] isr        1649 isr unload!  
============================================================
Time  2016/11/12 10:59:39 509 
============================================================
[2016/11/12 10:59:39 509] isr        1641 isr loaded!  
[2016/11/12 10:59:39 509] isr        1624 SYS_MSG_REGCB param0 =   msp_status_cb  param1 =   func(cc024ff0) 
[2016/11/12 10:59:39 509] isr        1525 ASR_MSG_SSB  
[2016/11/12 10:59:39 510] isr        1070 session_begin() [in], params:   sub = asr, result_type = plain, result_encoding = utf8  340da7efe24ede5202fb5ea47d3869f0  
[2016/11/12 10:59:39 510] isr        938  vad_set [in]  
[2016/11/12 10:59:39 510] isr        973  vad_enable :  true  
[2016/11/12 10:59:39 510] isr        991  vad_bos :  10000  
[2016/11/12 10:59:39 510] isr        992  vad_eos :  2000  
[2016/11/12 10:59:39 510] isr        897  enable_vad [in]  
[2016/11/12 10:59:39 511] isr        929  vad enabled!  2000  10000  
[2016/11/12 10:59:39 511] isr        932  enable_vad [out]  
[2016/11/12 10:59:39 512] isr        998  vad_set [out] | ret =  0  
[2016/11/12 10:59:39 512] isr        1179 cur_engine_type =   cloud  
[2016/11/12 10:59:39 512] isr        1012 cloud_session_begin  
[2016/11/12 10:59:39 512] isr        1024 standard  
[2016/11/12 10:59:39 521] isr        1535 ASR_MSG_AUW,   cloud  
[2016/11/12 10:59:39 521] isr        1546 6400  1  
[2016/11/12 10:59:39 521] isr        1550 once_bytes:   6400  
[2016/11/12 10:59:39 528] isr        845  [aud] speech start  
[2016/11/12 10:59:39 722] isr        1535 ASR_MSG_AUW,   cloud  
[2016/11/12 10:59:39 722] isr        1546 6400  2  
[2016/11/12 10:59:39 926] isr        1535 ASR_MSG_AUW,   cloud  
[2016/11/12 10:59:39 926] isr        1546 6400  2  
[2016/11/12 10:59:40 127] isr        1535 ASR_MSG_AUW,   cloud  
[2016/11/12 10:59:40 127] isr        1546 6400  2  
[2016/11/12 10:59:40 328] isr        1535 ASR_MSG_AUW,   cloud  
[2016/11/12 10:59:40 328] isr        1546 6400  2  
[2016/11/12 10:59:40 528] isr        1535 ASR_MSG_AUW,   cloud  
[2016/11/12 10:59:40 529] isr        1546 6400  2  
[2016/11/12 10:59:40 730] isr        1535 ASR_MSG_AUW,   cloud  
[2016/11/12 10:59:40 730] isr        1546 6400  2  
[2016/11/12 10:59:40 776] isr        728  cloud_status_cb, eps:  1  
[2016/11/12 10:59:40 930] isr        1535 ASR_MSG_AUW,   cloud  
[2016/11/12 10:59:40 930] isr        1546 6400  2  
[2016/11/12 10:59:41 131] isr        1535 ASR_MSG_AUW,   cloud  
[2016/11/12 10:59:41 131] isr        1546 6400  2  
[2016/11/12 10:59:41 332] isr        1535 ASR_MSG_AUW,   cloud  
[2016/11/12 10:59:41 333] isr        1546 6400  2  
[2016/11/12 10:59:41 533] isr        1535 ASR_MSG_AUW,   cloud  
[2016/11/12 10:59:41 533] isr        1546 6400  2  
[2016/11/12 10:59:41 734] isr        1535 ASR_MSG_AUW,   cloud  
[2016/11/12 10:59:41 734] isr        1546 6400  2  
[2016/11/12 10:59:41 935] isr        1535 ASR_MSG_AUW,   cloud  
[2016/11/12 10:59:41 935] isr        1546 6400  2  
[2016/11/12 10:59:42 135] isr        1535 ASR_MSG_AUW,   cloud  
[2016/11/12 10:59:42 136] isr        1546 6400  2  
[2016/11/12 10:59:42 341] isr        1535 ASR_MSG_AUW,   cloud  
[2016/11/12 10:59:42 341] isr        1546 6400  2  
[2016/11/12 10:59:42 542] isr        1535 ASR_MSG_AUW,   cloud  
[2016/11/12 10:59:42 542] isr        1546 6400  2  
[2016/11/12 10:59:42 743] isr        1535 ASR_MSG_AUW,   cloud  
[2016/11/12 10:59:42 743] isr        1546 6400  2  
[2016/11/12 10:59:42 944] isr        1535 ASR_MSG_AUW,   cloud  
[2016/11/12 10:59:42 944] isr        1546 10222  2  
[2016/11/12 10:59:43 144] isr        1535 ASR_MSG_AUW,   cloud  
[2016/11/12 10:59:43 144] isr        1546 0  4  
[2016/11/12 10:59:43 144] isr        1579 aud end, USER  
[2016/11/12 10:59:43 146] isr        855  [aud] speech end  
[2016/11/12 10:59:43 146] isr        1618 ASR_MSG_GRSLT,   cloud  
[2016/11/12 10:59:43 146] isr        1325 0  nil  2  
[2016/11/12 10:59:43 298] isr        1618 ASR_MSG_GRSLT,   cloud  
[2016/11/12 10:59:43 298] isr        1325 0  nil  2  
[2016/11/12 10:59:43 343] isr        721  cloud_status_cb, rcs:  0  
[2016/11/12 10:59:43 346] isr        682  cloud_rslt_cb status =   5  
[2016/11/12 10:59:43 346] isr        661  process_result call:  cloud  udata(cc134f78) 5  nil  
[2016/11/12 10:59:43 346] isr        721  cloud_status_cb, rcs:  0  
[2016/11/12 10:59:43 449] isr        1618 ASR_MSG_GRSLT,   cloud  
[2016/11/12 10:59:43 449] isr        1325 0  udata(cc134f78) 5  
[2016/11/12 10:59:43 602] isr        1621 ASR_MSG_SSE,   cloud  
[2016/11/12 10:59:43 602] isr        1346 session_end() [in]  
[2016/11/12 10:59:43 602] isr        1409 cloud_session_end() [in]  
[2016/11/12 10:59:43 603] isr        1476 ns_host=  open.xf-yun.com  
[2016/11/12 10:59:43 603] isr        1486 tick()mod=  3560855  
[2016/11/12 10:59:43 603] isr        1487 tick()=  3560855  
[2016/11/12 10:59:43 603] isr        1489 diff=  3863  
[2016/11/12 10:59:43 603] isr        1502 cloud_session_end() [out]  
[2016/11/12 10:59:43 604] isr        1649 isr unload!  
============================================================
Time  2016/11/12 10:59:55 851 
============================================================
[2016/11/12 10:59:55 851] isr        1641 isr loaded!  
[2016/11/12 10:59:55 852] isr        1624 SYS_MSG_REGCB param0 =   msp_status_cb  param1 =   func(94023020) 
[2016/11/12 10:59:55 852] isr        1525 ASR_MSG_SSB  
[2016/11/12 10:59:55 852] isr        1070 session_begin() [in], params:   sub = asr, result_type = plain, result_encoding = utf8  081a2d9077b6f1aae14fad195246c023  
[2016/11/12 10:59:55 853] isr        938  vad_set [in]  
[2016/11/12 10:59:55 853] isr        973  vad_enable :  true  
[2016/11/12 10:59:55 853] isr        991  vad_bos :  10000  
[2016/11/12 10:59:55 853] isr        992  vad_eos :  2000  
[2016/11/12 10:59:55 853] isr        897  enable_vad [in]  
[2016/11/12 10:59:55 855] isr        929  vad enabled!  2000  10000  
[2016/11/12 10:59:55 855] isr        932  enable_vad [out]  
[2016/11/12 10:59:55 855] isr        998  vad_set [out] | ret =  0  
[2016/11/12 10:59:55 855] isr        1179 cur_engine_type =   cloud  
[2016/11/12 10:59:55 855] isr        1012 cloud_session_begin  
[2016/11/12 10:59:55 855] isr        1024 standard  
[2016/11/12 10:59:55 867] isr        1535 ASR_MSG_AUW,   cloud  
[2016/11/12 10:59:55 867] isr        1546 6400  1  
[2016/11/12 10:59:55 867] isr        1550 once_bytes:   6400  
[2016/11/12 10:59:55 870] isr        845  [aud] speech start  
[2016/11/12 10:59:56 068] isr        1535 ASR_MSG_AUW,   cloud  
[2016/11/12 10:59:56 068] isr        1546 6400  2  
[2016/11/12 10:59:56 268] isr        1535 ASR_MSG_AUW,   cloud  
[2016/11/12 10:59:56 268] isr        1546 6400  2  
[2016/11/12 10:59:56 469] isr        1535 ASR_MSG_AUW,   cloud  
[2016/11/12 10:59:56 469] isr        1546 6400  2  
[2016/11/12 10:59:56 670] isr        1535 ASR_MSG_AUW,   cloud  
[2016/11/12 10:59:56 670] isr        1546 6400  2  
[2016/11/12 10:59:56 871] isr        1535 ASR_MSG_AUW,   cloud  
[2016/11/12 10:59:56 871] isr        1546 6400  2  
[2016/11/12 10:59:57 072] isr        1535 ASR_MSG_AUW,   cloud  
[2016/11/12 10:59:57 072] isr        1546 6400  2  
[2016/11/12 10:59:57 123] isr        728  cloud_status_cb, eps:  1  
[2016/11/12 10:59:57 273] isr        1535 ASR_MSG_AUW,   cloud  
[2016/11/12 10:59:57 273] isr        1546 6400  2  
[2016/11/12 10:59:57 473] isr        1535 ASR_MSG_AUW,   cloud  
[2016/11/12 10:59:57 473] isr        1546 6400  2  
[2016/11/12 10:59:57 674] isr        1535 ASR_MSG_AUW,   cloud  
[2016/11/12 10:59:57 675] isr        1546 6400  2  
[2016/11/12 10:59:57 875] isr        1535 ASR_MSG_AUW,   cloud  
[2016/11/12 10:59:57 875] isr        1546 6400  2  
[2016/11/12 10:59:58 076] isr        1535 ASR_MSG_AUW,   cloud  
[2016/11/12 10:59:58 076] isr        1546 6400  2  
[2016/11/12 10:59:58 277] isr        1535 ASR_MSG_AUW,   cloud  
[2016/11/12 10:59:58 278] isr        1546 6400  2  
[2016/11/12 10:59:58 478] isr        1535 ASR_MSG_AUW,   cloud  
[2016/11/12 10:59:58 478] isr        1546 6400  2  
[2016/11/12 10:59:58 679] isr        1535 ASR_MSG_AUW,   cloud  
[2016/11/12 10:59:58 679] isr        1546 6400  2  
[2016/11/12 10:59:58 880] isr        1535 ASR_MSG_AUW,   cloud  
[2016/11/12 10:59:58 880] isr        1546 6400  2  
[2016/11/12 10:59:59 081] isr        1535 ASR_MSG_AUW,   cloud  
[2016/11/12 10:59:59 081] isr        1546 6400  2  
[2016/11/12 10:59:59 283] isr        1535 ASR_MSG_AUW,   cloud  
[2016/11/12 10:59:59 283] isr        1546 10222  2  
[2016/11/12 10:59:59 484] isr        1535 ASR_MSG_AUW,   cloud  
[2016/11/12 10:59:59 484] isr        1546 0  4  
[2016/11/12 10:59:59 484] isr        1579 aud end, USER  
[2016/11/12 10:59:59 484] isr        1618 ASR_MSG_GRSLT,   cloud  
[2016/11/12 10:59:59 485] isr        1325 0  nil  2  
[2016/11/12 10:59:59 485] isr        855  [aud] speech end  
[2016/11/12 10:59:59 637] isr        1618 ASR_MSG_GRSLT,   cloud  
[2016/11/12 10:59:59 637] isr        1325 0  nil  2  
[2016/11/12 10:59:59 679] isr        721  cloud_status_cb, rcs:  0  
[2016/11/12 10:59:59 682] isr        682  cloud_rslt_cb status =   5  
[2016/11/12 10:59:59 682] isr        661  process_result call:  cloud  udata(94135038) 5  nil  
[2016/11/12 10:59:59 683] isr        721  cloud_status_cb, rcs:  0  
[2016/11/12 10:59:59 788] isr        1618 ASR_MSG_GRSLT,   cloud  
[2016/11/12 10:59:59 788] isr        1325 0  udata(94135038) 5  
[2016/11/12 10:59:59 940] isr        1621 ASR_MSG_SSE,   cloud  
[2016/11/12 10:59:59 940] isr        1346 session_end() [in]  
[2016/11/12 10:59:59 941] isr        1409 cloud_session_end() [in]  
[2016/11/12 10:59:59 942] isr        1476 ns_host=  open.xf-yun.com  
[2016/11/12 10:59:59 942] isr        1486 tick()mod=  3577194  
[2016/11/12 10:59:59 942] isr        1487 tick()=  3577194  
[2016/11/12 10:59:59 942] isr        1489 diff=  3722  
[2016/11/12 10:59:59 943] isr        1502 cloud_session_end() [out]  
[2016/11/12 10:59:59 943] isr        1649 isr unload!  
============================================================
Time  2016/11/12 11:00:03 808 
============================================================
[2016/11/12 11:00:03 808] isr        1641 isr loaded!  
[2016/11/12 11:00:03 808] isr        1624 SYS_MSG_REGCB param0 =   msp_status_cb  param1 =   func(70024ff0) 
[2016/11/12 11:00:03 808] isr        1525 ASR_MSG_SSB  
[2016/11/12 11:00:03 809] isr        1070 session_begin() [in], params:   sub = asr, result_type = plain, result_encoding = utf8  20feb07f04a9c2791170e88a041ef248  
[2016/11/12 11:00:03 809] isr        938  vad_set [in]  
[2016/11/12 11:00:03 809] isr        973  vad_enable :  true  
[2016/11/12 11:00:03 809] isr        991  vad_bos :  10000  
[2016/11/12 11:00:03 809] isr        992  vad_eos :  2000  
[2016/11/12 11:00:03 809] isr        897  enable_vad [in]  
[2016/11/12 11:00:03 810] isr        929  vad enabled!  2000  10000  
[2016/11/12 11:00:03 810] isr        932  enable_vad [out]  
[2016/11/12 11:00:03 810] isr        998  vad_set [out] | ret =  0  
[2016/11/12 11:00:03 811] isr        1179 cur_engine_type =   cloud  
[2016/11/12 11:00:03 811] isr        1012 cloud_session_begin  
[2016/11/12 11:00:03 811] isr        1024 standard  
[2016/11/12 11:00:03 821] isr        1535 ASR_MSG_AUW,   cloud  
[2016/11/12 11:00:03 821] isr        1546 6400  1  
[2016/11/12 11:00:03 821] isr        1550 once_bytes:   6400  
[2016/11/12 11:00:03 828] isr        845  [aud] speech start  
[2016/11/12 11:00:04 022] isr        1535 ASR_MSG_AUW,   cloud  
[2016/11/12 11:00:04 022] isr        1546 6400  2  
[2016/11/12 11:00:04 223] isr        1535 ASR_MSG_AUW,   cloud  
[2016/11/12 11:00:04 223] isr        1546 6400  2  
[2016/11/12 11:00:04 424] isr        1535 ASR_MSG_AUW,   cloud  
[2016/11/12 11:00:04 424] isr        1546 6400  2  
[2016/11/12 11:00:04 624] isr        1535 ASR_MSG_AUW,   cloud  
[2016/11/12 11:00:04 624] isr        1546 6400  2  
[2016/11/12 11:00:04 825] isr        1535 ASR_MSG_AUW,   cloud  
[2016/11/12 11:00:04 825] isr        1546 6400  2  
[2016/11/12 11:00:05 026] isr        1535 ASR_MSG_AUW,   cloud  
[2016/11/12 11:00:05 027] isr        1546 6400  2  
[2016/11/12 11:00:05 068] isr        728  cloud_status_cb, eps:  1  
[2016/11/12 11:00:05 227] isr        1535 ASR_MSG_AUW,   cloud  
[2016/11/12 11:00:05 227] isr        1546 6400  2  
[2016/11/12 11:00:05 429] isr        1535 ASR_MSG_AUW,   cloud  
[2016/11/12 11:00:05 429] isr        1546 6400  2  
[2016/11/12 11:00:05 630] isr        1535 ASR_MSG_AUW,   cloud  
[2016/11/12 11:00:05 630] isr        1546 6400  2  
[2016/11/12 11:00:05 831] isr        1535 ASR_MSG_AUW,   cloud  
[2016/11/12 11:00:05 831] isr        1546 6400  2  
[2016/11/12 11:00:06 031] isr        1535 ASR_MSG_AUW,   cloud  
[2016/11/12 11:00:06 031] isr        1546 6400  2  
[2016/11/12 11:00:06 233] isr        1535 ASR_MSG_AUW,   cloud  
[2016/11/12 11:00:06 233] isr        1546 6400  2  
[2016/11/12 11:00:06 433] isr        1535 ASR_MSG_AUW,   cloud  
[2016/11/12 11:00:06 433] isr        1546 6400  2  
[2016/11/12 11:00:06 634] isr        1535 ASR_MSG_AUW,   cloud  
[2016/11/12 11:00:06 635] isr        1546 6400  2  
[2016/11/12 11:00:06 836] isr        1535 ASR_MSG_AUW,   cloud  
[2016/11/12 11:00:06 836] isr        1546 6400  2  
[2016/11/12 11:00:07 036] isr        1535 ASR_MSG_AUW,   cloud  
[2016/11/12 11:00:07 036] isr        1546 6400  2  
[2016/11/12 11:00:07 237] isr        1535 ASR_MSG_AUW,   cloud  
[2016/11/12 11:00:07 237] isr        1546 10222  2  
[2016/11/12 11:00:07 438] isr        1535 ASR_MSG_AUW,   cloud  
[2016/11/12 11:00:07 438] isr        1546 0  4  
[2016/11/12 11:00:07 438] isr        1579 aud end, USER  
[2016/11/12 11:00:07 439] isr        1618 ASR_MSG_GRSLT,   cloud  
[2016/11/12 11:00:07 439] isr        1325 0  nil  2  
[2016/11/12 11:00:07 440] isr        855  [aud] speech end  
[2016/11/12 11:00:07 595] isr        1618 ASR_MSG_GRSLT,   cloud  
[2016/11/12 11:00:07 595] isr        1325 0  nil  2  
[2016/11/12 11:00:07 629] isr        721  cloud_status_cb, rcs:  0  
[2016/11/12 11:00:07 632] isr        682  cloud_rslt_cb status =   5  
[2016/11/12 11:00:07 632] isr        661  process_result call:  cloud  udata(70134af8) 5  nil  
[2016/11/12 11:00:07 633] isr        721  cloud_status_cb, rcs:  0  
[2016/11/12 11:00:07 746] isr        1618 ASR_MSG_GRSLT,   cloud  
[2016/11/12 11:00:07 746] isr        1325 0  udata(70134af8) 5  
[2016/11/12 11:00:07 898] isr        1621 ASR_MSG_SSE,   cloud  
[2016/11/12 11:00:07 898] isr        1346 session_end() [in]  
[2016/11/12 11:00:07 898] isr        1409 cloud_session_end() [in]  
[2016/11/12 11:00:07 900] isr        1476 ns_host=  open.xf-yun.com  
[2016/11/12 11:00:07 900] isr        1486 tick()mod=  3585152  
[2016/11/12 11:00:07 900] isr        1487 tick()=  3585152  
[2016/11/12 11:00:07 900] isr        1489 diff=  3941  
[2016/11/12 11:00:07 900] isr        1502 cloud_session_end() [out]  
[2016/11/12 11:00:07 901] isr        1649 isr unload!  
============================================================
Time  2016/11/12 11:02:16 608 
============================================================
[2016/11/12 11:02:16 608] isr        1641 isr loaded!  
[2016/11/12 11:02:16 608] isr        1624 SYS_MSG_REGCB param0 =   msp_status_cb  param1 =   func(c4025020) 
[2016/11/12 11:02:16 608] isr        1525 ASR_MSG_SSB  
[2016/11/12 11:02:16 608] isr        1070 session_begin() [in], params:   sub = asr, result_type = plain, result_encoding = utf8  35c82c9e6c7e028b2dc3526788cfbced  
[2016/11/12 11:02:16 609] isr        938  vad_set [in]  
[2016/11/12 11:02:16 609] isr        973  vad_enable :  true  
[2016/11/12 11:02:16 609] isr        991  vad_bos :  10000  
[2016/11/12 11:02:16 609] isr        992  vad_eos :  2000  
[2016/11/12 11:02:16 609] isr        897  enable_vad [in]  
[2016/11/12 11:02:16 611] isr        929  vad enabled!  2000  10000  
[2016/11/12 11:02:16 611] isr        932  enable_vad [out]  
[2016/11/12 11:02:16 611] isr        998  vad_set [out] | ret =  0  
[2016/11/12 11:02:16 611] isr        1179 cur_engine_type =   cloud  
[2016/11/12 11:02:16 611] isr        1012 cloud_session_begin  
[2016/11/12 11:02:16 611] isr        1024 standard  
[2016/11/12 11:02:16 624] isr        1535 ASR_MSG_AUW,   cloud  
[2016/11/12 11:02:16 624] isr        1546 6400  1  
[2016/11/12 11:02:16 624] isr        1550 once_bytes:   6400  
[2016/11/12 11:02:16 627] isr        845  [aud] speech start  
[2016/11/12 11:02:16 825] isr        1535 ASR_MSG_AUW,   cloud  
[2016/11/12 11:02:16 825] isr        1546 6400  2  
[2016/11/12 11:02:17 026] isr        1535 ASR_MSG_AUW,   cloud  
[2016/11/12 11:02:17 026] isr        1546 6400  2  
[2016/11/12 11:02:17 227] isr        1535 ASR_MSG_AUW,   cloud  
[2016/11/12 11:02:17 227] isr        1546 6400  2  
[2016/11/12 11:02:17 429] isr        1535 ASR_MSG_AUW,   cloud  
[2016/11/12 11:02:17 429] isr        1546 6400  2  
[2016/11/12 11:02:17 629] isr        1535 ASR_MSG_AUW,   cloud  
[2016/11/12 11:02:17 629] isr        1546 6400  2  
[2016/11/12 11:02:17 830] isr        1535 ASR_MSG_AUW,   cloud  
[2016/11/12 11:02:17 830] isr        1546 6400  2  
[2016/11/12 11:02:18 031] isr        1535 ASR_MSG_AUW,   cloud  
[2016/11/12 11:02:18 031] isr        1546 6400  2  
[2016/11/12 11:02:18 061] isr        728  cloud_status_cb, eps:  1  
[2016/11/12 11:02:18 231] isr        1535 ASR_MSG_AUW,   cloud  
[2016/11/12 11:02:18 231] isr        1546 6400  2  
[2016/11/12 11:02:18 432] isr        1535 ASR_MSG_AUW,   cloud  
[2016/11/12 11:02:18 432] isr        1546 6400  2  
[2016/11/12 11:02:18 633] isr        1535 ASR_MSG_AUW,   cloud  
[2016/11/12 11:02:18 633] isr        1546 6400  2  
[2016/11/12 11:02:18 833] isr        1535 ASR_MSG_AUW,   cloud  
[2016/11/12 11:02:18 833] isr        1546 6400  2  
[2016/11/12 11:02:19 034] isr        1535 ASR_MSG_AUW,   cloud  
[2016/11/12 11:02:19 034] isr        1546 6400  2  
[2016/11/12 11:02:19 235] isr        1535 ASR_MSG_AUW,   cloud  
[2016/11/12 11:02:19 235] isr        1546 6400  2  
[2016/11/12 11:02:19 435] isr        1535 ASR_MSG_AUW,   cloud  
[2016/11/12 11:02:19 435] isr        1546 6400  2  
[2016/11/12 11:02:19 636] isr        1535 ASR_MSG_AUW,   cloud  
[2016/11/12 11:02:19 636] isr        1546 6400  2  
[2016/11/12 11:02:19 838] isr        1535 ASR_MSG_AUW,   cloud  
[2016/11/12 11:02:19 838] isr        1546 6400  2  
[2016/11/12 11:02:20 039] isr        1535 ASR_MSG_AUW,   cloud  
[2016/11/12 11:02:20 039] isr        1546 6400  2  
[2016/11/12 11:02:20 239] isr        1535 ASR_MSG_AUW,   cloud  
[2016/11/12 11:02:20 239] isr        1546 6400  2  
[2016/11/12 11:02:20 445] isr        1535 ASR_MSG_AUW,   cloud  
[2016/11/12 11:02:20 445] isr        1546 6400  2  
[2016/11/12 11:02:20 647] isr        1535 ASR_MSG_AUW,   cloud  
[2016/11/12 11:02:20 647] isr        1546 6400  2  
[2016/11/12 11:02:20 848] isr        1535 ASR_MSG_AUW,   cloud  
[2016/11/12 11:02:20 848] isr        1546 6400  2  
[2016/11/12 11:02:21 049] isr        1535 ASR_MSG_AUW,   cloud  
[2016/11/12 11:02:21 049] isr        1546 6400  2  
[2016/11/12 11:02:21 250] isr        1535 ASR_MSG_AUW,   cloud  
[2016/11/12 11:02:21 250] isr        1546 6400  2  
[2016/11/12 11:02:21 451] isr        1535 ASR_MSG_AUW,   cloud  
[2016/11/12 11:02:21 451] isr        1546 6400  2  
[2016/11/12 11:02:21 652] isr        1535 ASR_MSG_AUW,   cloud  
[2016/11/12 11:02:21 652] isr        1546 6400  2  
[2016/11/12 11:02:21 852] isr        1535 ASR_MSG_AUW,   cloud  
[2016/11/12 11:02:21 852] isr        1546 6400  2  
[2016/11/12 11:02:22 053] isr        1535 ASR_MSG_AUW,   cloud  
[2016/11/12 11:02:22 053] isr        1546 6400  2  
[2016/11/12 11:02:22 254] isr        1535 ASR_MSG_AUW,   cloud  
[2016/11/12 11:02:22 254] isr        1546 6400  2  
[2016/11/12 11:02:22 455] isr        1535 ASR_MSG_AUW,   cloud  
[2016/11/12 11:02:22 455] isr        1546 6400  2  
[2016/11/12 11:02:22 656] isr        1535 ASR_MSG_AUW,   cloud  
[2016/11/12 11:02:22 656] isr        1546 6400  2  
[2016/11/12 11:02:22 856] isr        1535 ASR_MSG_AUW,   cloud  
[2016/11/12 11:02:22 856] isr        1546 6400  2  
[2016/11/12 11:02:23 057] isr        1535 ASR_MSG_AUW,   cloud  
[2016/11/12 11:02:23 057] isr        1546 6400  2  
[2016/11/12 11:02:23 257] isr        1535 ASR_MSG_AUW,   cloud  
[2016/11/12 11:02:23 258] isr        1546 6400  2  
[2016/11/12 11:02:23 458] isr        1535 ASR_MSG_AUW,   cloud  
[2016/11/12 11:02:23 459] isr        1546 6400  2  
[2016/11/12 11:02:23 659] isr        1535 ASR_MSG_AUW,   cloud  
[2016/11/12 11:02:23 659] isr        1546 6400  2  
[2016/11/12 11:02:23 860] isr        1535 ASR_MSG_AUW,   cloud  
[2016/11/12 11:02:23 860] isr        1546 6400  2  
[2016/11/12 11:02:24 061] isr        1535 ASR_MSG_AUW,   cloud  
[2016/11/12 11:02:24 061] isr        1546 6400  2  
[2016/11/12 11:02:24 262] isr        1535 ASR_MSG_AUW,   cloud  
[2016/11/12 11:02:24 262] isr        1546 6400  2  
[2016/11/12 11:02:24 463] isr        1535 ASR_MSG_AUW,   cloud  
[2016/11/12 11:02:24 463] isr        1546 6400  2  
[2016/11/12 11:02:24 663] isr        1535 ASR_MSG_AUW,   cloud  
[2016/11/12 11:02:24 663] isr        1546 6400  2  
[2016/11/12 11:02:24 865] isr        1535 ASR_MSG_AUW,   cloud  
[2016/11/12 11:02:24 865] isr        1546 6400  2  
[2016/11/12 11:02:25 065] isr        1535 ASR_MSG_AUW,   cloud  
[2016/11/12 11:02:25 065] isr        1546 6400  2  
[2016/11/12 11:02:25 266] isr        1535 ASR_MSG_AUW,   cloud  
[2016/11/12 11:02:25 266] isr        1546 6400  2  
[2016/11/12 11:02:25 471] isr        1535 ASR_MSG_AUW,   cloud  
[2016/11/12 11:02:25 471] isr        1546 6400  2  
[2016/11/12 11:02:25 672] isr        1535 ASR_MSG_AUW,   cloud  
[2016/11/12 11:02:25 673] isr        1546 6400  2  
[2016/11/12 11:02:25 873] isr        1535 ASR_MSG_AUW,   cloud  
[2016/11/12 11:02:25 873] isr        1546 6400  2  
[2016/11/12 11:02:26 074] isr        1535 ASR_MSG_AUW,   cloud  
[2016/11/12 11:02:26 074] isr        1546 6400  2  
[2016/11/12 11:02:26 275] isr        1535 ASR_MSG_AUW,   cloud  
[2016/11/12 11:02:26 275] isr        1546 6400  2  
[2016/11/12 11:02:26 475] isr        1535 ASR_MSG_AUW,   cloud  
[2016/11/12 11:02:26 475] isr        1546 6400  2  
[2016/11/12 11:02:26 676] isr        1535 ASR_MSG_AUW,   cloud  
[2016/11/12 11:02:26 676] isr        1546 6400  2  
[2016/11/12 11:02:26 877] isr        1535 ASR_MSG_AUW,   cloud  
[2016/11/12 11:02:26 877] isr        1546 6400  2  
[2016/11/12 11:02:27 078] isr        1535 ASR_MSG_AUW,   cloud  
[2016/11/12 11:02:27 078] isr        1546 6400  2  
[2016/11/12 11:02:27 279] isr        1535 ASR_MSG_AUW,   cloud  
[2016/11/12 11:02:27 279] isr        1546 6400  2  
[2016/11/12 11:02:27 325] isr        728  cloud_status_cb, eps:  3  
[2016/11/12 11:02:27 480] isr        1535 ASR_MSG_AUW,   cloud  
[2016/11/12 11:02:27 480] isr        1546 6400  2  
[2016/11/12 11:02:27 480] isr        1535 ASR_MSG_AUW,   cloud  
[2016/11/12 11:02:27 480] isr        1546 0  4  
[2016/11/12 11:02:27 481] isr        1579 aud end, USER  
[2016/11/12 11:02:27 481] isr        1618 ASR_MSG_GRSLT,   cloud  
[2016/11/12 11:02:27 481] isr        1325 0  nil  2  
[2016/11/12 11:02:27 485] isr        855  [aud] speech end  
[2016/11/12 11:02:27 552] isr        721  cloud_status_cb, rcs:  0  
[2016/11/12 11:02:27 555] isr        682  cloud_rslt_cb status =   5  
[2016/11/12 11:02:27 555] isr        661  process_result call:  cloud  udata(c4131958) 5  nil  
[2016/11/12 11:02:27 556] isr        721  cloud_status_cb, rcs:  0  
[2016/11/12 11:02:27 635] isr        1618 ASR_MSG_GRSLT,   cloud  
[2016/11/12 11:02:27 635] isr        1325 0  udata(c4131958) 5  
[2016/11/12 11:02:27 787] isr        1621 ASR_MSG_SSE,   cloud  
[2016/11/12 11:02:27 787] isr        1346 session_end() [in]  
[2016/11/12 11:02:27 787] isr        1409 cloud_session_end() [in]  
[2016/11/12 11:02:27 789] isr        1476 ns_host=  open.xf-yun.com  
[2016/11/12 11:02:27 790] isr        1486 tick()mod=  3725042  
[2016/11/12 11:02:27 790] isr        1487 tick()=  3725042  
[2016/11/12 11:02:27 790] isr        1489 diff=  9849  
[2016/11/12 11:02:27 793] isr        1502 cloud_session_end() [out]  
[2016/11/12 11:02:27 793] isr        1649 isr unload!  
============================================================
Time  2016/11/12 11:07:31 074 
============================================================
[2016/11/12 11:07:31 074] isr        1641 isr loaded!  
[2016/11/12 11:07:31 075] isr        1624 SYS_MSG_REGCB param0 =   msp_status_cb  param1 =   func(d40230c0) 
[2016/11/12 11:07:31 075] isr        1525 ASR_MSG_SSB  
[2016/11/12 11:07:31 075] isr        1070 session_begin() [in], params:   sub = asr, result_type = plain, result_encoding = utf8  1c2b6c7a1b160fb088cdb1a53a4ce569  
[2016/11/12 11:07:31 075] isr        938  vad_set [in]  
[2016/11/12 11:07:31 075] isr        973  vad_enable :  true  
[2016/11/12 11:07:31 075] isr        991  vad_bos :  10000  
[2016/11/12 11:07:31 075] isr        992  vad_eos :  2000  
[2016/11/12 11:07:31 075] isr        897  enable_vad [in]  
[2016/11/12 11:07:31 078] isr        929  vad enabled!  2000  10000  
[2016/11/12 11:07:31 078] isr        932  enable_vad [out]  
[2016/11/12 11:07:31 078] isr        998  vad_set [out] | ret =  0  
[2016/11/12 11:07:31 078] isr        1179 cur_engine_type =   cloud  
[2016/11/12 11:07:31 078] isr        1012 cloud_session_begin  
[2016/11/12 11:07:31 078] isr        1024 standard  
[2016/11/12 11:07:31 090] isr        1535 ASR_MSG_AUW,   cloud  
[2016/11/12 11:07:31 090] isr        1546 6400  1  
[2016/11/12 11:07:31 090] isr        1550 once_bytes:   6400  
[2016/11/12 11:07:31 093] isr        845  [aud] speech start  
[2016/11/12 11:07:31 291] isr        1535 ASR_MSG_AUW,   cloud  
[2016/11/12 11:07:31 291] isr        1546 6400  2  
[2016/11/12 11:07:31 493] isr        1535 ASR_MSG_AUW,   cloud  
[2016/11/12 11:07:31 493] isr        1546 6400  2  
[2016/11/12 11:07:31 694] isr        1535 ASR_MSG_AUW,   cloud  
[2016/11/12 11:07:31 694] isr        1546 6400  2  
[2016/11/12 11:07:31 744] isr        728  cloud_status_cb, eps:  1  
[2016/11/12 11:07:31 895] isr        1535 ASR_MSG_AUW,   cloud  
[2016/11/12 11:07:31 895] isr        1546 6400  2  
[2016/11/12 11:07:32 095] isr        1535 ASR_MSG_AUW,   cloud  
[2016/11/12 11:07:32 095] isr        1546 6400  2  
[2016/11/12 11:07:32 296] isr        1535 ASR_MSG_AUW,   cloud  
[2016/11/12 11:07:32 296] isr        1546 6400  2  
[2016/11/12 11:07:32 497] isr        1535 ASR_MSG_AUW,   cloud  
[2016/11/12 11:07:32 497] isr        1546 6400  2  
[2016/11/12 11:07:32 698] isr        1535 ASR_MSG_AUW,   cloud  
[2016/11/12 11:07:32 698] isr        1546 6400  2  
[2016/11/12 11:07:32 898] isr        1535 ASR_MSG_AUW,   cloud  
[2016/11/12 11:07:32 899] isr        1546 6400  2  
[2016/11/12 11:07:33 100] isr        1535 ASR_MSG_AUW,   cloud  
[2016/11/12 11:07:33 100] isr        1546 6400  2  
[2016/11/12 11:07:33 300] isr        1535 ASR_MSG_AUW,   cloud  
[2016/11/12 11:07:33 300] isr        1546 6400  2  
[2016/11/12 11:07:33 501] isr        1535 ASR_MSG_AUW,   cloud  
[2016/11/12 11:07:33 501] isr        1546 6400  2  
[2016/11/12 11:07:33 702] isr        1535 ASR_MSG_AUW,   cloud  
[2016/11/12 11:07:33 702] isr        1546 6400  2  
[2016/11/12 11:07:33 908] isr        1535 ASR_MSG_AUW,   cloud  
[2016/11/12 11:07:33 908] isr        1546 6400  2  
[2016/11/12 11:07:34 109] isr        1535 ASR_MSG_AUW,   cloud  
[2016/11/12 11:07:34 109] isr        1546 6400  2  
[2016/11/12 11:07:34 310] isr        1535 ASR_MSG_AUW,   cloud  
[2016/11/12 11:07:34 310] isr        1546 6400  2  
[2016/11/12 11:07:34 511] isr        1535 ASR_MSG_AUW,   cloud  
[2016/11/12 11:07:34 511] isr        1546 6400  2  
[2016/11/12 11:07:34 711] isr        1535 ASR_MSG_AUW,   cloud  
[2016/11/12 11:07:34 712] isr        1546 6400  2  
[2016/11/12 11:07:34 912] isr        1535 ASR_MSG_AUW,   cloud  
[2016/11/12 11:07:34 912] isr        1546 6400  2  
[2016/11/12 11:07:35 113] isr        1535 ASR_MSG_AUW,   cloud  
[2016/11/12 11:07:35 113] isr        1546 6400  2  
[2016/11/12 11:07:35 314] isr        1535 ASR_MSG_AUW,   cloud  
[2016/11/12 11:07:35 314] isr        1546 6400  2  
[2016/11/12 11:07:35 516] isr        1535 ASR_MSG_AUW,   cloud  
[2016/11/12 11:07:35 516] isr        1546 6400  2  
[2016/11/12 11:07:35 717] isr        1535 ASR_MSG_AUW,   cloud  
[2016/11/12 11:07:35 717] isr        1546 6400  2  
[2016/11/12 11:07:35 918] isr        1535 ASR_MSG_AUW,   cloud  
[2016/11/12 11:07:35 918] isr        1546 6400  2  
[2016/11/12 11:07:36 118] isr        1535 ASR_MSG_AUW,   cloud  
[2016/11/12 11:07:36 118] isr        1546 6400  2  
[2016/11/12 11:07:36 319] isr        1535 ASR_MSG_AUW,   cloud  
[2016/11/12 11:07:36 319] isr        1546 6400  2  
[2016/11/12 11:07:36 520] isr        1535 ASR_MSG_AUW,   cloud  
[2016/11/12 11:07:36 520] isr        1546 6400  2  
[2016/11/12 11:07:36 721] isr        1535 ASR_MSG_AUW,   cloud  
[2016/11/12 11:07:36 721] isr        1546 6400  2  
[2016/11/12 11:07:36 922] isr        1535 ASR_MSG_AUW,   cloud  
[2016/11/12 11:07:36 922] isr        1546 6400  2  
[2016/11/12 11:07:37 123] isr        1535 ASR_MSG_AUW,   cloud  
[2016/11/12 11:07:37 123] isr        1546 6400  2  
[2016/11/12 11:07:37 324] isr        1535 ASR_MSG_AUW,   cloud  
[2016/11/12 11:07:37 324] isr        1546 6400  2  
[2016/11/12 11:07:37 524] isr        1535 ASR_MSG_AUW,   cloud  
[2016/11/12 11:07:37 524] isr        1546 6400  2  
[2016/11/12 11:07:37 725] isr        1535 ASR_MSG_AUW,   cloud  
[2016/11/12 11:07:37 725] isr        1546 6400  2  
[2016/11/12 11:07:37 926] isr        1535 ASR_MSG_AUW,   cloud  
[2016/11/12 11:07:37 926] isr        1546 6400  2  
[2016/11/12 11:07:38 127] isr        1535 ASR_MSG_AUW,   cloud  
[2016/11/12 11:07:38 127] isr        1546 6400  2  
[2016/11/12 11:07:38 328] isr        1535 ASR_MSG_AUW,   cloud  
[2016/11/12 11:07:38 328] isr        1546 6400  2  
[2016/11/12 11:07:38 528] isr        1535 ASR_MSG_AUW,   cloud  
[2016/11/12 11:07:38 528] isr        1546 6400  2  
[2016/11/12 11:07:38 730] isr        1535 ASR_MSG_AUW,   cloud  
[2016/11/12 11:07:38 730] isr        1546 6400  2  
[2016/11/12 11:07:38 937] isr        1535 ASR_MSG_AUW,   cloud  
[2016/11/12 11:07:38 937] isr        1546 6400  2  
[2016/11/12 11:07:39 138] isr        1535 ASR_MSG_AUW,   cloud  
[2016/11/12 11:07:39 138] isr        1546 6400  2  
[2016/11/12 11:07:39 338] isr        1535 ASR_MSG_AUW,   cloud  
[2016/11/12 11:07:39 338] isr        1546 6400  2  
[2016/11/12 11:07:39 539] isr        1535 ASR_MSG_AUW,   cloud  
[2016/11/12 11:07:39 539] isr        1546 6400  2  
[2016/11/12 11:07:39 740] isr        1535 ASR_MSG_AUW,   cloud  
[2016/11/12 11:07:39 740] isr        1546 6400  2  
[2016/11/12 11:07:39 942] isr        1535 ASR_MSG_AUW,   cloud  
[2016/11/12 11:07:39 942] isr        1546 6400  2  
[2016/11/12 11:07:40 143] isr        1535 ASR_MSG_AUW,   cloud  
[2016/11/12 11:07:40 143] isr        1546 6400  2  
[2016/11/12 11:07:40 344] isr        1535 ASR_MSG_AUW,   cloud  
[2016/11/12 11:07:40 344] isr        1546 6400  2  
[2016/11/12 11:07:40 545] isr        1535 ASR_MSG_AUW,   cloud  
[2016/11/12 11:07:40 545] isr        1546 6400  2  
[2016/11/12 11:07:40 746] isr        1535 ASR_MSG_AUW,   cloud  
[2016/11/12 11:07:40 746] isr        1546 6400  2  
[2016/11/12 11:07:40 947] isr        1535 ASR_MSG_AUW,   cloud  
[2016/11/12 11:07:40 947] isr        1546 6400  2  
[2016/11/12 11:07:41 147] isr        1535 ASR_MSG_AUW,   cloud  
[2016/11/12 11:07:41 147] isr        1546 6400  2  
[2016/11/12 11:07:41 348] isr        1535 ASR_MSG_AUW,   cloud  
[2016/11/12 11:07:41 348] isr        1546 6400  2  
[2016/11/12 11:07:41 549] isr        1535 ASR_MSG_AUW,   cloud  
[2016/11/12 11:07:41 549] isr        1546 6400  2  
[2016/11/12 11:07:41 750] isr        1535 ASR_MSG_AUW,   cloud  
[2016/11/12 11:07:41 750] isr        1546 6400  2  
[2016/11/12 11:07:41 797] isr        728  cloud_status_cb, eps:  3  
[2016/11/12 11:07:41 952] isr        1535 ASR_MSG_AUW,   cloud  
[2016/11/12 11:07:41 952] isr        1546 6400  2  
[2016/11/12 11:07:41 953] isr        1535 ASR_MSG_AUW,   cloud  
[2016/11/12 11:07:41 953] isr        1546 0  4  
[2016/11/12 11:07:41 953] isr        1579 aud end, USER  
[2016/11/12 11:07:41 953] isr        1618 ASR_MSG_GRSLT,   cloud  
[2016/11/12 11:07:41 953] isr        1325 0  nil  2  
[2016/11/12 11:07:41 957] isr        855  [aud] speech end  
[2016/11/12 11:07:42 013] isr        721  cloud_status_cb, rcs:  0  
[2016/11/12 11:07:42 016] isr        682  cloud_rslt_cb status =   5  
[2016/11/12 11:07:42 016] isr        661  process_result call:  cloud  udata(d41539d8) 5  nil  
[2016/11/12 11:07:42 106] isr        1618 ASR_MSG_GRSLT,   cloud  
[2016/11/12 11:07:42 106] isr        1325 0  udata(d41539d8) 5  
[2016/11/12 11:07:42 259] isr        1621 ASR_MSG_SSE,   cloud  
[2016/11/12 11:07:42 259] isr        1346 session_end() [in]  
[2016/11/12 11:07:42 259] isr        1409 cloud_session_end() [in]  
[2016/11/12 11:07:42 261] isr        1476 ns_host=  open.xf-yun.com  
[2016/11/12 11:07:42 261] isr        1486 tick()mod=  4039513  
[2016/11/12 11:07:42 261] isr        1487 tick()=  4039513  
[2016/11/12 11:07:42 261] isr        1489 diff=  10923  
[2016/11/12 11:07:42 262] isr        1502 cloud_session_end() [out]  
[2016/11/12 11:07:42 266] isr        1649 isr unload!  
============================================================
Time  2016/11/12 11:07:51 542 
============================================================
[2016/11/12 11:07:51 542] isr        1641 isr loaded!  
[2016/11/12 11:07:51 542] isr        1624 SYS_MSG_REGCB param0 =   msp_status_cb  param1 =   func(20025050) 
[2016/11/12 11:07:51 543] isr        1525 ASR_MSG_SSB  
[2016/11/12 11:07:51 543] isr        1070 session_begin() [in], params:   sub = asr, result_type = plain, result_encoding = utf8  126b66df0f011a596e90730e38d4362b  
[2016/11/12 11:07:51 543] isr        938  vad_set [in]  
[2016/11/12 11:07:51 543] isr        973  vad_enable :  true  
[2016/11/12 11:07:51 543] isr        991  vad_bos :  10000  
[2016/11/12 11:07:51 543] isr        992  vad_eos :  2000  
[2016/11/12 11:07:51 543] isr        897  enable_vad [in]  
[2016/11/12 11:07:51 545] isr        929  vad enabled!  2000  10000  
[2016/11/12 11:07:51 545] isr        932  enable_vad [out]  
[2016/11/12 11:07:51 545] isr        998  vad_set [out] | ret =  0  
[2016/11/12 11:07:51 545] isr        1179 cur_engine_type =   cloud  
[2016/11/12 11:07:51 545] isr        1012 cloud_session_begin  
[2016/11/12 11:07:51 545] isr        1024 standard  
[2016/11/12 11:07:51 559] isr        1535 ASR_MSG_AUW,   cloud  
[2016/11/12 11:07:51 559] isr        1546 6400  1  
[2016/11/12 11:07:51 560] isr        1550 once_bytes:   6400  
[2016/11/12 11:07:51 563] isr        845  [aud] speech start  
[2016/11/12 11:07:51 760] isr        1535 ASR_MSG_AUW,   cloud  
[2016/11/12 11:07:51 760] isr        1546 6400  2  
[2016/11/12 11:07:51 961] isr        1535 ASR_MSG_AUW,   cloud  
[2016/11/12 11:07:51 961] isr        1546 6400  2  
[2016/11/12 11:07:52 162] isr        1535 ASR_MSG_AUW,   cloud  
[2016/11/12 11:07:52 162] isr        1546 6400  2  
[2016/11/12 11:07:52 363] isr        1535 ASR_MSG_AUW,   cloud  
[2016/11/12 11:07:52 363] isr        1546 6400  2  
[2016/11/12 11:07:52 564] isr        1535 ASR_MSG_AUW,   cloud  
[2016/11/12 11:07:52 564] isr        1546 6400  2  
[2016/11/12 11:07:52 717] isr        728  cloud_status_cb, eps:  1  
[2016/11/12 11:07:52 765] isr        1535 ASR_MSG_AUW,   cloud  
[2016/11/12 11:07:52 765] isr        1546 6400  2  
[2016/11/12 11:07:52 965] isr        1535 ASR_MSG_AUW,   cloud  
[2016/11/12 11:07:52 965] isr        1546 6400  2  
[2016/11/12 11:07:53 167] isr        1535 ASR_MSG_AUW,   cloud  
[2016/11/12 11:07:53 167] isr        1546 6400  2  
[2016/11/12 11:07:53 368] isr        1535 ASR_MSG_AUW,   cloud  
[2016/11/12 11:07:53 368] isr        1546 6400  2  
[2016/11/12 11:07:53 568] isr        1535 ASR_MSG_AUW,   cloud  
[2016/11/12 11:07:53 569] isr        1546 6400  2  
[2016/11/12 11:07:53 770] isr        1535 ASR_MSG_AUW,   cloud  
[2016/11/12 11:07:53 770] isr        1546 6400  2  
[2016/11/12 11:07:53 971] isr        1535 ASR_MSG_AUW,   cloud  
[2016/11/12 11:07:53 971] isr        1546 6400  2  
[2016/11/12 11:07:54 171] isr        1535 ASR_MSG_AUW,   cloud  
[2016/11/12 11:07:54 171] isr        1546 6400  2  
[2016/11/12 11:07:54 373] isr        1535 ASR_MSG_AUW,   cloud  
[2016/11/12 11:07:54 373] isr        1546 6400  2  
[2016/11/12 11:07:54 574] isr        1535 ASR_MSG_AUW,   cloud  
[2016/11/12 11:07:54 574] isr        1546 6400  2  
[2016/11/12 11:07:54 775] isr        1535 ASR_MSG_AUW,   cloud  
[2016/11/12 11:07:54 775] isr        1546 6400  2  
[2016/11/12 11:07:54 975] isr        1535 ASR_MSG_AUW,   cloud  
[2016/11/12 11:07:54 975] isr        1546 6400  2  
[2016/11/12 11:07:55 176] isr        1535 ASR_MSG_AUW,   cloud  
[2016/11/12 11:07:55 176] isr        1546 6400  2  
[2016/11/12 11:07:55 377] isr        1535 ASR_MSG_AUW,   cloud  
[2016/11/12 11:07:55 377] isr        1546 6400  2  
[2016/11/12 11:07:55 577] isr        1535 ASR_MSG_AUW,   cloud  
[2016/11/12 11:07:55 577] isr        1546 6400  2  
[2016/11/12 11:07:55 778] isr        1535 ASR_MSG_AUW,   cloud  
[2016/11/12 11:07:55 778] isr        1546 6400  2  
[2016/11/12 11:07:55 979] isr        1535 ASR_MSG_AUW,   cloud  
[2016/11/12 11:07:55 979] isr        1546 6400  2  
[2016/11/12 11:07:56 180] isr        1535 ASR_MSG_AUW,   cloud  
[2016/11/12 11:07:56 180] isr        1546 6400  2  
[2016/11/12 11:07:56 381] isr        1535 ASR_MSG_AUW,   cloud  
[2016/11/12 11:07:56 381] isr        1546 6400  2  
[2016/11/12 11:07:56 582] isr        1535 ASR_MSG_AUW,   cloud  
[2016/11/12 11:07:56 582] isr        1546 6400  2  
[2016/11/12 11:07:56 783] isr        1535 ASR_MSG_AUW,   cloud  
[2016/11/12 11:07:56 783] isr        1546 6400  2  
[2016/11/12 11:07:56 984] isr        1535 ASR_MSG_AUW,   cloud  
[2016/11/12 11:07:56 984] isr        1546 6400  2  
[2016/11/12 11:07:57 185] isr        1535 ASR_MSG_AUW,   cloud  
[2016/11/12 11:07:57 185] isr        1546 6400  2  
[2016/11/12 11:07:57 385] isr        1535 ASR_MSG_AUW,   cloud  
[2016/11/12 11:07:57 385] isr        1546 6400  2  
[2016/11/12 11:07:57 586] isr        1535 ASR_MSG_AUW,   cloud  
[2016/11/12 11:07:57 587] isr        1546 6400  2  
[2016/11/12 11:07:57 787] isr        1535 ASR_MSG_AUW,   cloud  
[2016/11/12 11:07:57 787] isr        1546 6400  2  
[2016/11/12 11:07:57 988] isr        1535 ASR_MSG_AUW,   cloud  
[2016/11/12 11:07:57 988] isr        1546 6400  2  
[2016/11/12 11:07:58 190] isr        1535 ASR_MSG_AUW,   cloud  
[2016/11/12 11:07:58 190] isr        1546 6400  2  
[2016/11/12 11:07:58 390] isr        1535 ASR_MSG_AUW,   cloud  
[2016/11/12 11:07:58 390] isr        1546 6400  2  
[2016/11/12 11:07:58 591] isr        1535 ASR_MSG_AUW,   cloud  
[2016/11/12 11:07:58 591] isr        1546 6400  2  
[2016/11/12 11:07:58 792] isr        1535 ASR_MSG_AUW,   cloud  
[2016/11/12 11:07:58 792] isr        1546 6400  2  
[2016/11/12 11:07:58 994] isr        1535 ASR_MSG_AUW,   cloud  
[2016/11/12 11:07:58 994] isr        1546 6400  2  
[2016/11/12 11:07:59 194] isr        1535 ASR_MSG_AUW,   cloud  
[2016/11/12 11:07:59 195] isr        1546 6400  2  
[2016/11/12 11:07:59 395] isr        1535 ASR_MSG_AUW,   cloud  
[2016/11/12 11:07:59 395] isr        1546 6400  2  
[2016/11/12 11:07:59 596] isr        1535 ASR_MSG_AUW,   cloud  
[2016/11/12 11:07:59 596] isr        1546 6400  2  
[2016/11/12 11:07:59 797] isr        1535 ASR_MSG_AUW,   cloud  
[2016/11/12 11:07:59 797] isr        1546 6400  2  
[2016/11/12 11:07:59 998] isr        1535 ASR_MSG_AUW,   cloud  
[2016/11/12 11:07:59 998] isr        1546 6400  2  
[2016/11/12 11:08:00 199] isr        1535 ASR_MSG_AUW,   cloud  
[2016/11/12 11:08:00 199] isr        1546 6400  2  
[2016/11/12 11:08:00 400] isr        1535 ASR_MSG_AUW,   cloud  
[2016/11/12 11:08:00 400] isr        1546 6400  2  
[2016/11/12 11:08:00 601] isr        1535 ASR_MSG_AUW,   cloud  
[2016/11/12 11:08:00 601] isr        1546 6400  2  
[2016/11/12 11:08:00 802] isr        1535 ASR_MSG_AUW,   cloud  
[2016/11/12 11:08:00 802] isr        1546 6400  2  
[2016/11/12 11:08:01 003] isr        1535 ASR_MSG_AUW,   cloud  
[2016/11/12 11:08:01 003] isr        1546 6400  2  
[2016/11/12 11:08:01 205] isr        1535 ASR_MSG_AUW,   cloud  
[2016/11/12 11:08:01 205] isr        1546 6400  2  
[2016/11/12 11:08:01 405] isr        1535 ASR_MSG_AUW,   cloud  
[2016/11/12 11:08:01 405] isr        1546 6400  2  
[2016/11/12 11:08:01 606] isr        1535 ASR_MSG_AUW,   cloud  
[2016/11/12 11:08:01 606] isr        1546 6400  2  
[2016/11/12 11:08:01 807] isr        1535 ASR_MSG_AUW,   cloud  
[2016/11/12 11:08:01 807] isr        1546 6400  2  
[2016/11/12 11:08:02 008] isr        1535 ASR_MSG_AUW,   cloud  
[2016/11/12 11:08:02 008] isr        1546 6400  2  
[2016/11/12 11:08:02 209] isr        1535 ASR_MSG_AUW,   cloud  
[2016/11/12 11:08:02 209] isr        1546 6400  2  
[2016/11/12 11:08:02 256] isr        728  cloud_status_cb, eps:  3  
[2016/11/12 11:08:02 410] isr        1535 ASR_MSG_AUW,   cloud  
[2016/11/12 11:08:02 410] isr        1546 6400  2  
[2016/11/12 11:08:02 410] isr        1535 ASR_MSG_AUW,   cloud  
[2016/11/12 11:08:02 410] isr        1546 0  4  
[2016/11/12 11:08:02 410] isr        1579 aud end, USER  
[2016/11/12 11:08:02 411] isr        1618 ASR_MSG_GRSLT,   cloud  
[2016/11/12 11:08:02 411] isr        1325 0  nil  2  
[2016/11/12 11:08:02 415] isr        855  [aud] speech end  
[2016/11/12 11:08:02 483] isr        721  cloud_status_cb, rcs:  0  
[2016/11/12 11:08:02 492] isr        682  cloud_rslt_cb status =   5  
[2016/11/12 11:08:02 492] isr        661  process_result call:  cloud  udata(20131328) 5  nil  
[2016/11/12 11:08:02 493] isr        721  cloud_status_cb, rcs:  0  
[2016/11/12 11:08:02 563] isr        1618 ASR_MSG_GRSLT,   cloud  
[2016/11/12 11:08:02 564] isr        1325 0  udata(20131328) 5  
[2016/11/12 11:08:02 715] isr        1621 ASR_MSG_SSE,   cloud  
[2016/11/12 11:08:02 715] isr        1346 session_end() [in]  
[2016/11/12 11:08:02 715] isr        1409 cloud_session_end() [in]  
[2016/11/12 11:08:02 717] isr        1476 ns_host=  open.xf-yun.com  
[2016/11/12 11:08:02 717] isr        1486 tick()mod=  4059969  
[2016/11/12 11:08:02 717] isr        1487 tick()=  4059969  
[2016/11/12 11:08:02 717] isr        1489 diff=  10120  
[2016/11/12 11:08:02 717] isr        1502 cloud_session_end() [out]  
[2016/11/12 11:08:02 717] isr        1649 isr unload!  
============================================================
Time  2016/11/12 11:13:53 929 
============================================================
[2016/11/12 11:13:53 930] isr        1641 isr loaded!  
[2016/11/12 11:13:53 930] isr        1624 SYS_MSG_REGCB param0 =   msp_status_cb  param1 =   func(e4025050) 
[2016/11/12 11:13:53 930] isr        1525 ASR_MSG_SSB  
[2016/11/12 11:13:53 930] isr        1070 session_begin() [in], params:   sub = asr, result_type = plain, result_encoding = utf8  c68963ee7b4f9c904ca97dea0d52b1c0  
[2016/11/12 11:13:53 930] isr        938  vad_set [in]  
[2016/11/12 11:13:53 930] isr        973  vad_enable :  true  
[2016/11/12 11:13:53 930] isr        991  vad_bos :  10000  
[2016/11/12 11:13:53 931] isr        992  vad_eos :  2000  
[2016/11/12 11:13:53 931] isr        897  enable_vad [in]  
[2016/11/12 11:13:53 932] isr        929  vad enabled!  2000  10000  
[2016/11/12 11:13:53 932] isr        932  enable_vad [out]  
[2016/11/12 11:13:53 932] isr        998  vad_set [out] | ret =  0  
[2016/11/12 11:13:53 932] isr        1179 cur_engine_type =   cloud  
[2016/11/12 11:13:53 932] isr        1012 cloud_session_begin  
[2016/11/12 11:13:53 932] isr        1024 standard  
[2016/11/12 11:13:53 947] isr        1535 ASR_MSG_AUW,   cloud  
[2016/11/12 11:13:53 947] isr        1546 6400  1  
[2016/11/12 11:13:53 947] isr        1550 once_bytes:   6400  
[2016/11/12 11:13:53 951] isr        845  [aud] speech start  
[2016/11/12 11:13:54 148] isr        1535 ASR_MSG_AUW,   cloud  
[2016/11/12 11:13:54 148] isr        1546 6400  2  
[2016/11/12 11:13:54 349] isr        1535 ASR_MSG_AUW,   cloud  
[2016/11/12 11:13:54 349] isr        1546 6400  2  
[2016/11/12 11:13:54 549] isr        1535 ASR_MSG_AUW,   cloud  
[2016/11/12 11:13:54 550] isr        1546 6400  2  
[2016/11/12 11:13:54 596] isr        728  cloud_status_cb, eps:  1  
[2016/11/12 11:13:54 751] isr        1535 ASR_MSG_AUW,   cloud  
[2016/11/12 11:13:54 751] isr        1546 6400  2  
[2016/11/12 11:13:54 951] isr        1535 ASR_MSG_AUW,   cloud  
[2016/11/12 11:13:54 951] isr        1546 6400  2  
[2016/11/12 11:13:55 153] isr        1535 ASR_MSG_AUW,   cloud  
[2016/11/12 11:13:55 153] isr        1546 6400  2  
[2016/11/12 11:13:55 353] isr        1535 ASR_MSG_AUW,   cloud  
[2016/11/12 11:13:55 353] isr        1546 6400  2  
[2016/11/12 11:13:55 554] isr        1535 ASR_MSG_AUW,   cloud  
[2016/11/12 11:13:55 554] isr        1546 7084  2  
[2016/11/12 11:13:55 755] isr        1535 ASR_MSG_AUW,   cloud  
[2016/11/12 11:13:55 755] isr        1546 0  4  
[2016/11/12 11:13:55 755] isr        1579 aud end, USER  
[2016/11/12 11:13:55 755] isr        1618 ASR_MSG_GRSLT,   cloud  
[2016/11/12 11:13:55 755] isr        1325 0  nil  2  
[2016/11/12 11:13:55 756] isr        855  [aud] speech end  
[2016/11/12 11:13:55 797] isr        728  cloud_status_cb, eps:  1  
[2016/11/12 11:13:55 907] isr        1618 ASR_MSG_GRSLT,   cloud  
[2016/11/12 11:13:55 907] isr        1325 0  nil  2  
[2016/11/12 11:13:56 058] isr        1618 ASR_MSG_GRSLT,   cloud  
[2016/11/12 11:13:56 058] isr        1325 0  nil  2  
[2016/11/12 11:13:56 060] isr        721  cloud_status_cb, rcs:  0  
[2016/11/12 11:13:56 063] isr        682  cloud_rslt_cb status =   5  
[2016/11/12 11:13:56 063] isr        661  process_result call:  cloud  udata(e41348e8) 5  nil  
[2016/11/12 11:13:56 063] isr        721  cloud_status_cb, rcs:  0  
[2016/11/12 11:13:56 209] isr        1618 ASR_MSG_GRSLT,   cloud  
[2016/11/12 11:13:56 209] isr        1325 0  udata(e41348e8) 5  
[2016/11/12 11:13:56 364] isr        1621 ASR_MSG_SSE,   cloud  
[2016/11/12 11:13:56 364] isr        1346 session_end() [in]  
[2016/11/12 11:13:56 364] isr        1409 cloud_session_end() [in]  
[2016/11/12 11:13:56 366] isr        1476 ns_host=  open.xf-yun.com  
[2016/11/12 11:13:56 366] isr        1486 tick()mod=  4413618  
[2016/11/12 11:13:56 367] isr        1487 tick()=  4413618  
[2016/11/12 11:13:56 367] isr        1489 diff=  2179  
[2016/11/12 11:13:56 367] isr        1502 cloud_session_end() [out]  
[2016/11/12 11:13:56 367] isr        1649 isr unload!  
============================================================
Time  2016/11/12 11:14:34 550 
============================================================
[2016/11/12 11:14:34 550] isr        1641 isr loaded!  
[2016/11/12 11:14:34 550] isr        1624 SYS_MSG_REGCB param0 =   msp_status_cb  param1 =   func(d0025040) 
[2016/11/12 11:14:34 551] isr        1525 ASR_MSG_SSB  
[2016/11/12 11:14:34 551] isr        1070 session_begin() [in], params:   sub = asr, result_type = plain, result_encoding = utf8  49002e5c8a6816a005156b71c1f0df36  
[2016/11/12 11:14:34 551] isr        938  vad_set [in]  
[2016/11/12 11:14:34 551] isr        973  vad_enable :  true  
[2016/11/12 11:14:34 551] isr        991  vad_bos :  10000  
[2016/11/12 11:14:34 551] isr        992  vad_eos :  2000  
[2016/11/12 11:14:34 551] isr        897  enable_vad [in]  
[2016/11/12 11:14:34 553] isr        929  vad enabled!  2000  10000  
[2016/11/12 11:14:34 553] isr        932  enable_vad [out]  
[2016/11/12 11:14:34 553] isr        998  vad_set [out] | ret =  0  
[2016/11/12 11:14:34 553] isr        1179 cur_engine_type =   cloud  
[2016/11/12 11:14:34 553] isr        1012 cloud_session_begin  
[2016/11/12 11:14:34 553] isr        1024 standard  
[2016/11/12 11:14:34 568] isr        1535 ASR_MSG_AUW,   cloud  
[2016/11/12 11:14:34 568] isr        1546 6400  1  
[2016/11/12 11:14:34 569] isr        1550 once_bytes:   6400  
[2016/11/12 11:14:34 572] isr        845  [aud] speech start  
[2016/11/12 11:14:34 770] isr        1535 ASR_MSG_AUW,   cloud  
[2016/11/12 11:14:34 770] isr        1546 6400  2  
[2016/11/12 11:14:34 970] isr        1535 ASR_MSG_AUW,   cloud  
[2016/11/12 11:14:34 970] isr        1546 6400  2  
[2016/11/12 11:14:35 171] isr        1535 ASR_MSG_AUW,   cloud  
[2016/11/12 11:14:35 171] isr        1546 6400  2  
[2016/11/12 11:14:35 235] isr        728  cloud_status_cb, eps:  1  
[2016/11/12 11:14:35 372] isr        1535 ASR_MSG_AUW,   cloud  
[2016/11/12 11:14:35 372] isr        1546 6400  2  
[2016/11/12 11:14:35 573] isr        1535 ASR_MSG_AUW,   cloud  
[2016/11/12 11:14:35 573] isr        1546 6400  2  
[2016/11/12 11:14:35 777] isr        1535 ASR_MSG_AUW,   cloud  
[2016/11/12 11:14:35 777] isr        1546 6400  2  
[2016/11/12 11:14:35 978] isr        1535 ASR_MSG_AUW,   cloud  
[2016/11/12 11:14:35 978] isr        1546 6400  2  
[2016/11/12 11:14:36 179] isr        1535 ASR_MSG_AUW,   cloud  
[2016/11/12 11:14:36 179] isr        1546 7084  2  
[2016/11/12 11:14:36 380] isr        1535 ASR_MSG_AUW,   cloud  
[2016/11/12 11:14:36 380] isr        1546 0  4  
[2016/11/12 11:14:36 380] isr        1579 aud end, USER  
[2016/11/12 11:14:36 380] isr        1618 ASR_MSG_GRSLT,   cloud  
[2016/11/12 11:14:36 380] isr        1325 0  nil  2  
[2016/11/12 11:14:36 381] isr        855  [aud] speech end  
[2016/11/12 11:14:36 429] isr        728  cloud_status_cb, eps:  1  
[2016/11/12 11:14:36 532] isr        1618 ASR_MSG_GRSLT,   cloud  
[2016/11/12 11:14:36 532] isr        1325 0  nil  2  
[2016/11/12 11:14:36 681] isr        721  cloud_status_cb, rcs:  0  
[2016/11/12 11:14:36 683] isr        1618 ASR_MSG_GRSLT,   cloud  
[2016/11/12 11:14:36 684] isr        1325 0  nil  2  
[2016/11/12 11:14:36 684] isr        682  cloud_rslt_cb status =   5  
[2016/11/12 11:14:36 684] isr        661  process_result call:  cloud  udata(d0134508) 5  nil  
[2016/11/12 11:14:36 685] isr        721  cloud_status_cb, rcs:  0  
[2016/11/12 11:14:36 834] isr        1618 ASR_MSG_GRSLT,   cloud  
[2016/11/12 11:14:36 834] isr        1325 0  udata(d0134508) 5  
[2016/11/12 11:14:36 986] isr        1621 ASR_MSG_SSE,   cloud  
[2016/11/12 11:14:36 986] isr        1346 session_end() [in]  
[2016/11/12 11:14:36 986] isr        1409 cloud_session_end() [in]  
[2016/11/12 11:14:36 988] isr        1476 ns_host=  open.xf-yun.com  
[2016/11/12 11:14:36 988] isr        1486 tick()mod=  4454240  
[2016/11/12 11:14:36 988] isr        1487 tick()=  4454240  
[2016/11/12 11:14:36 988] isr        1489 diff=  1906  
[2016/11/12 11:14:36 988] isr        1502 cloud_session_end() [out]  
[2016/11/12 11:14:36 989] isr        1649 isr unload!  
============================================================
Time  2016/11/12 11:14:48 753 
============================================================
[2016/11/12 11:14:48 753] isr        1641 isr loaded!  
[2016/11/12 11:14:48 753] isr        1624 SYS_MSG_REGCB param0 =   msp_status_cb  param1 =   func(bc025040) 
[2016/11/12 11:14:48 753] isr        1525 ASR_MSG_SSB  
[2016/11/12 11:14:48 753] isr        1070 session_begin() [in], params:   sub = asr, result_type = plain, result_encoding = utf8  82b54ba709d16b2b7b0a80820d81cc7e  
[2016/11/12 11:14:48 753] isr        938  vad_set [in]  
[2016/11/12 11:14:48 754] isr        973  vad_enable :  true  
[2016/11/12 11:14:48 754] isr        991  vad_bos :  10000  
[2016/11/12 11:14:48 754] isr        992  vad_eos :  2000  
[2016/11/12 11:14:48 754] isr        897  enable_vad [in]  
[2016/11/12 11:14:48 755] isr        929  vad enabled!  2000  10000  
[2016/11/12 11:14:48 756] isr        932  enable_vad [out]  
[2016/11/12 11:14:48 756] isr        998  vad_set [out] | ret =  0  
[2016/11/12 11:14:48 756] isr        1179 cur_engine_type =   cloud  
[2016/11/12 11:14:48 756] isr        1012 cloud_session_begin  
[2016/11/12 11:14:48 756] isr        1024 standard  
[2016/11/12 11:14:48 768] isr        1535 ASR_MSG_AUW,   cloud  
[2016/11/12 11:14:48 768] isr        1546 6400  1  
[2016/11/12 11:14:48 769] isr        1550 once_bytes:   6400  
[2016/11/12 11:14:48 772] isr        845  [aud] speech start  
[2016/11/12 11:14:48 969] isr        1535 ASR_MSG_AUW,   cloud  
[2016/11/12 11:14:48 969] isr        1546 6400  2  
[2016/11/12 11:14:49 170] isr        1535 ASR_MSG_AUW,   cloud  
[2016/11/12 11:14:49 170] isr        1546 6400  2  
[2016/11/12 11:14:49 371] isr        1535 ASR_MSG_AUW,   cloud  
[2016/11/12 11:14:49 371] isr        1546 6400  2  
[2016/11/12 11:14:49 573] isr        1535 ASR_MSG_AUW,   cloud  
[2016/11/12 11:14:49 573] isr        1546 6400  2  
[2016/11/12 11:14:49 773] isr        1535 ASR_MSG_AUW,   cloud  
[2016/11/12 11:14:49 773] isr        1546 6400  2  
[2016/11/12 11:14:49 887] isr        728  cloud_status_cb, eps:  1  
[2016/11/12 11:14:49 974] isr        1535 ASR_MSG_AUW,   cloud  
[2016/11/12 11:14:49 974] isr        1546 6400  2  
[2016/11/12 11:14:50 175] isr        1535 ASR_MSG_AUW,   cloud  
[2016/11/12 11:14:50 175] isr        1546 6400  2  
[2016/11/12 11:14:50 375] isr        1535 ASR_MSG_AUW,   cloud  
[2016/11/12 11:14:50 375] isr        1546 7084  2  
[2016/11/12 11:14:50 576] isr        1535 ASR_MSG_AUW,   cloud  
[2016/11/12 11:14:50 576] isr        1546 0  4  
[2016/11/12 11:14:50 576] isr        1579 aud end, USER  
[2016/11/12 11:14:50 576] isr        1618 ASR_MSG_GRSLT,   cloud  
[2016/11/12 11:14:50 576] isr        1325 0  nil  2  
[2016/11/12 11:14:50 578] isr        855  [aud] speech end  
[2016/11/12 11:14:50 611] isr        728  cloud_status_cb, eps:  1  
[2016/11/12 11:14:50 728] isr        1618 ASR_MSG_GRSLT,   cloud  
[2016/11/12 11:14:50 728] isr        1325 0  nil  2  
[2016/11/12 11:14:50 879] isr        1618 ASR_MSG_GRSLT,   cloud  
[2016/11/12 11:14:50 879] isr        1325 0  nil  2  
[2016/11/12 11:14:50 976] isr        721  cloud_status_cb, rcs:  0  
[2016/11/12 11:14:50 979] isr        682  cloud_rslt_cb status =   5  
[2016/11/12 11:14:50 979] isr        661  process_result call:  cloud  udata(bc134498) 5  nil  
[2016/11/12 11:14:50 980] isr        721  cloud_status_cb, rcs:  0  
[2016/11/12 11:14:51 030] isr        1618 ASR_MSG_GRSLT,   cloud  
[2016/11/12 11:14:51 030] isr        1325 0  udata(bc134498) 5  
[2016/11/12 11:14:51 182] isr        1621 ASR_MSG_SSE,   cloud  
[2016/11/12 11:14:51 182] isr        1346 session_end() [in]  
[2016/11/12 11:14:51 182] isr        1409 cloud_session_end() [in]  
[2016/11/12 11:14:51 183] isr        1476 ns_host=  open.xf-yun.com  
[2016/11/12 11:14:51 183] isr        1486 tick()mod=  4468435  
[2016/11/12 11:14:51 183] isr        1487 tick()=  4468435  
[2016/11/12 11:14:51 184] isr        1489 diff=  1406  
[2016/11/12 11:14:51 184] isr        1502 cloud_session_end() [out]  
[2016/11/12 11:14:51 184] isr        1649 isr unload!  
============================================================
Time  2016/11/12 14:12:39 299 
============================================================
[2016/11/12 14:12:39 299] isr        1641 isr loaded!  
[2016/11/12 14:12:39 299] isr        1624 SYS_MSG_REGCB param0 =   msp_status_cb  param1 =   func(34025040) 
[2016/11/12 14:12:39 299] isr        1525 ASR_MSG_SSB  
[2016/11/12 14:12:39 299] isr        1070 session_begin() [in], params:   sub = asr, result_type = plain, result_encoding = utf8  f20178d1ba3c10f6f81563d8685dca4c  
[2016/11/12 14:12:39 300] isr        938  vad_set [in]  
[2016/11/12 14:12:39 300] isr        973  vad_enable :  true  
[2016/11/12 14:12:39 300] isr        991  vad_bos :  10000  
[2016/11/12 14:12:39 300] isr        992  vad_eos :  2000  
[2016/11/12 14:12:39 300] isr        897  enable_vad [in]  
[2016/11/12 14:12:39 302] isr        929  vad enabled!  2000  10000  
[2016/11/12 14:12:39 302] isr        932  enable_vad [out]  
[2016/11/12 14:12:39 302] isr        998  vad_set [out] | ret =  0  
[2016/11/12 14:12:39 302] isr        1179 cur_engine_type =   cloud  
[2016/11/12 14:12:39 302] isr        1012 cloud_session_begin  
[2016/11/12 14:12:39 302] isr        1024 standard  
[2016/11/12 14:12:39 315] isr        1535 ASR_MSG_AUW,   cloud  
[2016/11/12 14:12:39 315] isr        1546 6400  1  
[2016/11/12 14:12:39 315] isr        1550 once_bytes:   6400  
[2016/11/12 14:12:39 453] isr        845  [aud] speech start  
[2016/11/12 14:12:39 514] isr        1535 ASR_MSG_AUW,   cloud  
[2016/11/12 14:12:39 514] isr        1546 6400  2  
[2016/11/12 14:12:39 717] isr        1535 ASR_MSG_AUW,   cloud  
[2016/11/12 14:12:39 718] isr        1546 6400  2  
[2016/11/12 14:12:39 922] isr        1535 ASR_MSG_AUW,   cloud  
[2016/11/12 14:12:39 922] isr        1546 6400  2  
[2016/11/12 14:12:40 046] isr        728  cloud_status_cb, eps:  1  
[2016/11/12 14:12:40 125] isr        1535 ASR_MSG_AUW,   cloud  
[2016/11/12 14:12:40 125] isr        1546 6400  2  
[2016/11/12 14:12:40 328] isr        1535 ASR_MSG_AUW,   cloud  
[2016/11/12 14:12:40 328] isr        1546 6400  2  
[2016/11/12 14:12:40 532] isr        1535 ASR_MSG_AUW,   cloud  
[2016/11/12 14:12:40 532] isr        1546 6400  2  
[2016/11/12 14:12:40 733] isr        1535 ASR_MSG_AUW,   cloud  
[2016/11/12 14:12:40 733] isr        1546 6400  2  
[2016/11/12 14:12:40 934] isr        1535 ASR_MSG_AUW,   cloud  
[2016/11/12 14:12:40 934] isr        1546 7084  2  
[2016/11/12 14:12:41 135] isr        1535 ASR_MSG_AUW,   cloud  
[2016/11/12 14:12:41 135] isr        1546 0  4  
[2016/11/12 14:12:41 135] isr        1579 aud end, USER  
[2016/11/12 14:12:41 135] isr        1618 ASR_MSG_GRSLT,   cloud  
[2016/11/12 14:12:41 135] isr        1325 0  nil  2  
[2016/11/12 14:12:41 136] isr        855  [aud] speech end  
[2016/11/12 14:12:41 174] isr        728  cloud_status_cb, eps:  1  
[2016/11/12 14:12:41 287] isr        1618 ASR_MSG_GRSLT,   cloud  
[2016/11/12 14:12:41 287] isr        1325 0  nil  2  
[2016/11/12 14:12:41 440] isr        1618 ASR_MSG_GRSLT,   cloud  
[2016/11/12 14:12:41 440] isr        1325 0  nil  2  
[2016/11/12 14:12:41 455] isr        721  cloud_status_cb, rcs:  0  
[2016/11/12 14:12:41 458] isr        682  cloud_rslt_cb status =   5  
[2016/11/12 14:12:41 458] isr        661  process_result call:  cloud  udata(34170a58) 5  nil  
[2016/11/12 14:12:41 459] isr        721  cloud_status_cb, rcs:  0  
[2016/11/12 14:12:41 591] isr        1618 ASR_MSG_GRSLT,   cloud  
[2016/11/12 14:12:41 591] isr        1325 0  udata(34170a58) 5  
[2016/11/12 14:12:41 745] isr        1621 ASR_MSG_SSE,   cloud  
[2016/11/12 14:12:41 745] isr        1346 session_end() [in]  
[2016/11/12 14:12:41 745] isr        1409 cloud_session_end() [in]  
[2016/11/12 14:12:41 746] isr        1476 ns_host=  open.xf-yun.com  
[2016/11/12 14:12:41 747] isr        1486 tick()mod=  11908207  
[2016/11/12 14:12:41 747] isr        1487 tick()=  11908207  
[2016/11/12 14:12:41 747] isr        1489 diff=  1940  
[2016/11/12 14:12:41 747] isr        1502 cloud_session_end() [out]  
[2016/11/12 14:12:41 747] isr        1649 isr unload!  
